EDA Netlist Writer report for alu_mem
Wed Jan 20 18:03:50 2021
Quartus II 64-Bit Version 10.1 Build 197 01/19/2011 Service Pack 1 SJ Full Version


---------------------
; Table of Contents ;
---------------------
  1. Legal Notice
  2. EDA Netlist Writer Summary
  3. Simulation Settings
  4. Simulation Generated Files
  5. EDA Netlist Writer Messages



----------------
; Legal Notice ;
----------------
Copyright (C) 1991-2011 Altera Corporation
Your use of Altera Corporation's design tools, logic functions 
and other software and tools, and its AMPP partner logic 
functions, and any output files from any of the foregoing 
(including device programming or simulation files), and any 
associated documentation or information are expressly subject 
to the terms and conditions of the Altera Program License 
Subscription Agreement, Altera MegaCore Function License 
Agreement, or other applicable license agreement, including, 
without limitation, that your use is for the sole purpose of 
programming logic devices manufactured by Altera and sold by 
Altera or its authorized distributors.  Please refer to the 
applicable agreement for further details.



+-------------------------------------------------------------------+
; EDA Netlist Writer Summary                                        ;
+---------------------------+---------------------------------------+
; EDA Netlist Writer Status ; Successful - Wed Jan 20 18:03:50 2021 ;
; Revision Name             ; alu_mem                               ;
; Top-level Entity Name     ; alu_mem                               ;
; Family                    ; Cyclone II                            ;
; Simulation Files Creation ; Successful                            ;
+---------------------------+---------------------------------------+


+---------------------------------------------------------------------------------------------------------------------+
; Simulation Settings                                                                                                 ;
+---------------------------------------------------------------------------------------------------+-----------------+
; Option                                                                                            ; Setting         ;
+---------------------------------------------------------------------------------------------------+-----------------+
; Tool Name                                                                                         ; ModelSim (VHDL) ;
; Generate netlist for functional simulation only                                                   ; Off             ;
; Time scale                                                                                        ; 1 ps            ;
; Truncate long hierarchy paths                                                                     ; Off             ;
; Map illegal HDL characters                                                                        ; Off             ;
; Flatten buses into individual nodes                                                               ; Off             ;
; Maintain hierarchy                                                                                ; Off             ;
; Bring out device-wide set/reset signals as ports                                                  ; Off             ;
; Enable glitch filtering                                                                           ; Off             ;
; Do not write top level VHDL entity                                                                ; Off             ;
; Disable detection of setup and hold time violations in the input registers of bi-directional pins ; Off             ;
; Architecture name in VHDL output netlist                                                          ; structure       ;
; Generate third-party EDA tool command script for RTL functional simulation                        ; Off             ;
; Generate third-party EDA tool command script for gate-level simulation                            ; Off             ;
+---------------------------------------------------------------------------------------------------+-----------------+


+-----------------------------------------------------------------------------------------------------------------+
; Simulation Generated Files                                                                                      ;
+-----------------------------------------------------------------------------------------------------------------+
; Generated Files                                                                                                 ;
+-----------------------------------------------------------------------------------------------------------------+
; C:/Users/Vinícius/Desktop/USP/PSI3451 (WANG)/aula 10/Alu_mem_6/sintese/simulation/modelsim/alu_mem.vho          ;
; C:/Users/Vinícius/Desktop/USP/PSI3451 (WANG)/aula 10/Alu_mem_6/sintese/simulation/modelsim/alu_mem_fast.vho     ;
; C:/Users/Vinícius/Desktop/USP/PSI3451 (WANG)/aula 10/Alu_mem_6/sintese/simulation/modelsim/alu_mem_vhd.sdo      ;
; C:/Users/Vinícius/Desktop/USP/PSI3451 (WANG)/aula 10/Alu_mem_6/sintese/simulation/modelsim/alu_mem_vhd_fast.sdo ;
+-----------------------------------------------------------------------------------------------------------------+


+-----------------------------+
; EDA Netlist Writer Messages ;
+-----------------------------+
Info: *******************************************************************
Info: Running Quartus II 64-Bit EDA Netlist Writer
    Info: Version 10.1 Build 197 01/19/2011 Service Pack 1 SJ Full Version
    Info: Processing started: Wed Jan 20 18:03:49 2021
Info: Command: quartus_eda --read_settings_files=off --write_settings_files=off alu_mem -c alu_mem
Info: Generated simulation netlist will be non-hierarchical because the design has SignalTap II partitions, termination control logic and/or a design partition that contains bidirectional ports
Info: Generated files "alu_mem.vho", "alu_mem_fast.vho", "alu_mem_vhd.sdo" and "alu_mem_vhd_fast.sdo" in directory "C:/Users/Vinícius/Desktop/USP/PSI3451 (WANG)/aula 10/Alu_mem_6/sintese/simulation/modelsim/" for EDA simulation tool
Info: Quartus II 64-Bit EDA Netlist Writer was successful. 0 errors, 0 warnings
    Info: Peak virtual memory: 4452 megabytes
    Info: Processing ended: Wed Jan 20 18:03:50 2021
    Info: Elapsed time: 00:00:01
    Info: Total CPU time (on all processors): 00:00:01


