Minimum Propagation Delay report for alu_mem
Wed Jan 20 16:06:10 2021
Quartus II 64-Bit Version 10.1 Build 197 01/19/2011 Service Pack 1 SJ Full Version


---------------------
; Table of Contents ;
---------------------
  1. Legal Notice
  2. Minimum Propagation Delay



----------------
; Legal Notice ;
----------------
Copyright (C) 1991-2011 Altera Corporation
Your use of Altera Corporation's design tools, logic functions 
and other software and tools, and its AMPP partner logic 
functions, and any output files from any of the foregoing 
(including device programming or simulation files), and any 
associated documentation or information are expressly subject 
to the terms and conditions of the Altera Program License 
Subscription Agreement, Altera MegaCore Function License 
Agreement, or other applicable license agreement, including, 
without limitation, that your use is for the sole purpose of 
programming logic devices manufactured by Altera and sold by 
Altera or its authorized distributors.  Please refer to the 
applicable agreement for further details.



+---------------------------------------------------------------------+
; Minimum Propagation Delay                                           ;
+----------------+----------------+--------+--------+--------+--------+
; Input Port     ; Output Port    ; RR     ; RF     ; FR     ; FF     ;
+----------------+----------------+--------+--------+--------+--------+
; bs_from_cte[0] ; bs_data_out[0] ; 14.605 ; 14.605 ; 14.605 ; 14.605 ;
; bs_from_cte[0] ; bs_data_out[1] ; 15.032 ; 15.032 ; 15.032 ; 15.032 ;
; bs_from_cte[0] ; bs_data_out[2] ; 14.752 ; 14.752 ; 14.752 ; 14.752 ;
; bs_from_cte[0] ; bs_data_out[3] ; 15.064 ; 15.064 ; 15.064 ; 15.064 ;
; bs_from_cte[0] ; bs_data_out[4] ; 13.872 ; 13.872 ; 13.872 ; 13.872 ;
; bs_from_cte[0] ; bs_data_out[5] ; 12.692 ; 12.692 ; 12.692 ; 12.692 ;
; bs_from_cte[0] ; bs_data_out[6] ; 14.279 ; 14.279 ; 14.279 ; 14.279 ;
; bs_from_cte[0] ; bs_data_out[7] ; 13.501 ; 13.501 ; 13.501 ; 13.501 ;
; bs_from_cte[1] ; bs_data_out[0] ; 14.330 ; 14.330 ; 14.330 ; 14.330 ;
; bs_from_cte[1] ; bs_data_out[1] ; 14.738 ; 14.738 ; 14.738 ; 14.738 ;
; bs_from_cte[1] ; bs_data_out[2] ; 14.960 ; 14.960 ; 14.960 ; 14.960 ;
; bs_from_cte[1] ; bs_data_out[3] ; 14.164 ; 14.164 ; 14.164 ; 14.164 ;
; bs_from_cte[1] ; bs_data_out[4] ; 13.747 ; 13.747 ; 13.747 ; 13.747 ;
; bs_from_cte[1] ; bs_data_out[5] ; 12.141 ; 12.141 ; 12.141 ; 12.141 ;
; bs_from_cte[1] ; bs_data_out[6] ; 14.168 ; 14.168 ; 14.168 ; 14.168 ;
; bs_from_cte[1] ; bs_data_out[7] ; 12.734 ; 12.734 ; 12.734 ; 12.734 ;
; bs_from_cte[2] ; bs_data_out[0] ; 14.398 ; 14.398 ; 14.398 ; 14.398 ;
; bs_from_cte[2] ; bs_data_out[1] ; 15.409 ; 15.409 ; 15.409 ; 15.409 ;
; bs_from_cte[2] ; bs_data_out[2] ; 15.567 ; 15.567 ; 15.567 ; 15.567 ;
; bs_from_cte[2] ; bs_data_out[3] ; 15.056 ; 15.056 ; 15.056 ; 15.056 ;
; bs_from_cte[2] ; bs_data_out[4] ; 14.733 ; 14.733 ; 14.733 ; 14.733 ;
; bs_from_cte[2] ; bs_data_out[5] ; 14.248 ; 14.248 ; 14.248 ; 14.248 ;
; bs_from_cte[2] ; bs_data_out[6] ; 14.444 ; 14.444 ; 14.444 ; 14.444 ;
; bs_from_cte[2] ; bs_data_out[7] ; 13.293 ; 13.293 ; 13.293 ; 13.293 ;
; bs_from_cte[3] ; bs_data_out[0] ; 14.723 ; 14.723 ; 14.723 ; 14.723 ;
; bs_from_cte[3] ; bs_data_out[1] ; 15.269 ; 15.269 ; 15.269 ; 15.269 ;
; bs_from_cte[3] ; bs_data_out[2] ; 15.264 ; 15.264 ; 15.264 ; 15.264 ;
; bs_from_cte[3] ; bs_data_out[3] ; 14.658 ; 14.658 ; 14.658 ; 14.658 ;
; bs_from_cte[3] ; bs_data_out[4] ; 14.027 ; 14.027 ; 14.027 ; 14.027 ;
; bs_from_cte[3] ; bs_data_out[5] ; 13.849 ; 13.849 ; 13.849 ; 13.849 ;
; bs_from_cte[3] ; bs_data_out[6] ; 14.504 ; 14.504 ; 14.504 ; 14.504 ;
; bs_from_cte[3] ; bs_data_out[7] ; 13.415 ; 13.415 ; 13.415 ; 13.415 ;
; bs_from_cte[4] ; bs_data_out[0] ; 13.811 ; 13.811 ; 13.811 ; 13.811 ;
; bs_from_cte[4] ; bs_data_out[1] ; 13.259 ; 13.259 ; 13.259 ; 13.259 ;
; bs_from_cte[4] ; bs_data_out[2] ; 14.188 ; 14.188 ; 14.188 ; 14.188 ;
; bs_from_cte[4] ; bs_data_out[3] ; 13.944 ; 13.944 ; 13.944 ; 13.944 ;
; bs_from_cte[4] ; bs_data_out[4] ; 13.779 ; 13.779 ; 13.779 ; 13.779 ;
; bs_from_cte[4] ; bs_data_out[5] ; 11.983 ; 11.983 ; 11.983 ; 11.983 ;
; bs_from_cte[4] ; bs_data_out[6] ; 13.798 ; 13.798 ; 13.798 ; 13.798 ;
; bs_from_cte[4] ; bs_data_out[7] ; 12.469 ; 12.469 ; 12.469 ; 12.469 ;
; bs_from_cte[5] ; bs_data_out[0] ; 12.966 ; 12.966 ; 12.966 ; 12.966 ;
; bs_from_cte[5] ; bs_data_out[1] ; 14.227 ; 14.227 ; 14.227 ; 14.227 ;
; bs_from_cte[5] ; bs_data_out[2] ; 13.332 ; 13.332 ; 13.332 ; 13.332 ;
; bs_from_cte[5] ; bs_data_out[3] ; 14.148 ; 14.148 ; 14.148 ; 14.148 ;
; bs_from_cte[5] ; bs_data_out[4] ; 12.993 ; 12.993 ; 12.993 ; 12.993 ;
; bs_from_cte[5] ; bs_data_out[5] ; 11.971 ; 11.971 ; 11.971 ; 11.971 ;
; bs_from_cte[5] ; bs_data_out[6] ; 13.535 ; 13.535 ; 13.535 ; 13.535 ;
; bs_from_cte[5] ; bs_data_out[7] ; 12.954 ; 12.954 ; 12.954 ; 12.954 ;
; bs_from_rb[0]  ; bs_data_out[0] ; 14.545 ; 14.545 ; 14.545 ; 14.545 ;
; bs_from_rb[0]  ; bs_data_out[1] ; 14.042 ; 14.042 ; 14.042 ; 14.042 ;
; bs_from_rb[0]  ; bs_data_out[2] ; 14.911 ; 14.911 ; 14.911 ; 14.911 ;
; bs_from_rb[0]  ; bs_data_out[3] ; 14.637 ; 14.637 ; 14.637 ; 14.637 ;
; bs_from_rb[0]  ; bs_data_out[4] ; 14.220 ; 14.220 ; 14.220 ; 14.220 ;
; bs_from_rb[0]  ; bs_data_out[5] ; 12.614 ; 12.614 ; 12.614 ; 12.614 ;
; bs_from_rb[0]  ; bs_data_out[6] ; 14.581 ; 14.581 ; 14.581 ; 14.581 ;
; bs_from_rb[0]  ; bs_data_out[7] ; 13.207 ; 13.207 ; 13.207 ; 13.207 ;
; bs_from_rb[1]  ; bs_data_out[0] ; 14.887 ; 14.887 ; 14.887 ; 14.887 ;
; bs_from_rb[1]  ; bs_data_out[1] ; 14.335 ; 14.335 ; 14.335 ; 14.335 ;
; bs_from_rb[1]  ; bs_data_out[2] ; 15.264 ; 15.264 ; 15.264 ; 15.264 ;
; bs_from_rb[1]  ; bs_data_out[3] ; 15.020 ; 15.020 ; 15.020 ; 15.020 ;
; bs_from_rb[1]  ; bs_data_out[4] ; 14.855 ; 14.855 ; 14.855 ; 14.855 ;
; bs_from_rb[1]  ; bs_data_out[5] ; 13.059 ; 13.059 ; 13.059 ; 13.059 ;
; bs_from_rb[1]  ; bs_data_out[6] ; 14.874 ; 14.874 ; 14.874 ; 14.874 ;
; bs_from_rb[1]  ; bs_data_out[7] ; 13.545 ; 13.545 ; 13.545 ; 13.545 ;
; bs_from_rb[2]  ; bs_data_out[0] ; 14.003 ; 14.003 ; 14.003 ; 14.003 ;
; bs_from_rb[2]  ; bs_data_out[1] ; 13.790 ; 13.790 ; 13.790 ; 13.790 ;
; bs_from_rb[2]  ; bs_data_out[2] ; 14.369 ; 14.369 ; 14.369 ; 14.369 ;
; bs_from_rb[2]  ; bs_data_out[3] ; 14.475 ; 14.475 ; 14.475 ; 14.475 ;
; bs_from_rb[2]  ; bs_data_out[4] ; 14.030 ; 14.030 ; 14.030 ; 14.030 ;
; bs_from_rb[2]  ; bs_data_out[5] ; 12.514 ; 12.514 ; 12.514 ; 12.514 ;
; bs_from_rb[2]  ; bs_data_out[6] ; 14.329 ; 14.329 ; 14.329 ; 14.329 ;
; bs_from_rb[2]  ; bs_data_out[7] ; 13.000 ; 13.000 ; 13.000 ; 13.000 ;
; bs_from_rb[3]  ; bs_data_out[0] ; 14.074 ; 14.074 ; 14.074 ; 14.074 ;
; bs_from_rb[3]  ; bs_data_out[1] ; 13.856 ; 13.856 ; 13.856 ; 13.856 ;
; bs_from_rb[3]  ; bs_data_out[2] ; 14.440 ; 14.440 ; 14.440 ; 14.440 ;
; bs_from_rb[3]  ; bs_data_out[3] ; 14.541 ; 14.541 ; 14.541 ; 14.541 ;
; bs_from_rb[3]  ; bs_data_out[4] ; 14.101 ; 14.101 ; 14.101 ; 14.101 ;
; bs_from_rb[3]  ; bs_data_out[5] ; 12.580 ; 12.580 ; 12.580 ; 12.580 ;
; bs_from_rb[3]  ; bs_data_out[6] ; 14.395 ; 14.395 ; 14.395 ; 14.395 ;
; bs_from_rb[3]  ; bs_data_out[7] ; 13.066 ; 13.066 ; 13.066 ; 13.066 ;
; bs_from_rb[4]  ; bs_data_out[0] ; 13.561 ; 13.561 ; 13.561 ; 13.561 ;
; bs_from_rb[4]  ; bs_data_out[1] ; 13.009 ; 13.009 ; 13.009 ; 13.009 ;
; bs_from_rb[4]  ; bs_data_out[2] ; 13.938 ; 13.938 ; 13.938 ; 13.938 ;
; bs_from_rb[4]  ; bs_data_out[3] ; 13.694 ; 13.694 ; 13.694 ; 13.694 ;
; bs_from_rb[4]  ; bs_data_out[4] ; 13.529 ; 13.529 ; 13.529 ; 13.529 ;
; bs_from_rb[4]  ; bs_data_out[5] ; 11.733 ; 11.733 ; 11.733 ; 11.733 ;
; bs_from_rb[4]  ; bs_data_out[6] ; 13.548 ; 13.548 ; 13.548 ; 13.548 ;
; bs_from_rb[4]  ; bs_data_out[7] ; 12.219 ; 12.219 ; 12.219 ; 12.219 ;
; bs_from_rb[5]  ; bs_data_out[0] ; 13.828 ; 13.828 ; 13.828 ; 13.828 ;
; bs_from_rb[5]  ; bs_data_out[1] ; 15.089 ; 15.089 ; 15.089 ; 15.089 ;
; bs_from_rb[5]  ; bs_data_out[2] ; 14.194 ; 14.194 ; 14.194 ; 14.194 ;
; bs_from_rb[5]  ; bs_data_out[3] ; 15.010 ; 15.010 ; 15.010 ; 15.010 ;
; bs_from_rb[5]  ; bs_data_out[4] ; 13.855 ; 13.855 ; 13.855 ; 13.855 ;
; bs_from_rb[5]  ; bs_data_out[5] ; 12.833 ; 12.833 ; 12.833 ; 12.833 ;
; bs_from_rb[5]  ; bs_data_out[6] ; 14.397 ; 14.397 ; 14.397 ; 14.397 ;
; bs_from_rb[5]  ; bs_data_out[7] ; 13.816 ; 13.816 ; 13.816 ; 13.816 ;
; bs_ng_cte_incr ; bs_data_out[0] ; 13.180 ; 13.180 ; 13.180 ; 13.180 ;
; bs_ng_cte_incr ; bs_data_out[1] ; 12.967 ; 12.967 ; 12.967 ; 12.967 ;
; bs_ng_cte_incr ; bs_data_out[2] ; 13.546 ; 13.546 ; 13.546 ; 13.546 ;
; bs_ng_cte_incr ; bs_data_out[3] ; 13.652 ; 13.652 ; 13.652 ; 13.652 ;
; bs_ng_cte_incr ; bs_data_out[4] ; 13.207 ; 13.207 ; 13.207 ; 13.207 ;
; bs_ng_cte_incr ; bs_data_out[5] ; 11.691 ; 11.691 ; 11.691 ; 11.691 ;
; bs_ng_cte_incr ; bs_data_out[6] ; 13.506 ; 13.506 ; 13.506 ; 13.506 ;
; bs_ng_cte_incr ; bs_data_out[7] ; 12.177 ; 12.177 ; 12.177 ; 12.177 ;
; ds_from_cte[0] ; ds_data_out[0] ; 13.425 ; 13.425 ; 13.425 ; 13.425 ;
; ds_from_cte[0] ; ds_data_out[1] ; 14.612 ; 14.612 ; 14.612 ; 14.612 ;
; ds_from_cte[0] ; ds_data_out[2] ; 13.896 ; 13.896 ; 13.896 ; 13.896 ;
; ds_from_cte[0] ; ds_data_out[3] ; 14.276 ; 14.276 ; 14.276 ; 14.276 ;
; ds_from_cte[0] ; ds_data_out[4] ; 12.624 ; 12.624 ; 12.624 ; 12.624 ;
; ds_from_cte[0] ; ds_data_out[5] ; 12.599 ; 12.599 ; 12.599 ; 12.599 ;
; ds_from_cte[0] ; ds_data_out[6] ; 13.938 ; 13.938 ; 13.938 ; 13.938 ;
; ds_from_cte[0] ; ds_data_out[7] ; 14.278 ; 14.278 ; 14.278 ; 14.278 ;
; ds_from_cte[1] ; ds_data_out[0] ; 13.576 ; 13.576 ; 13.576 ; 13.576 ;
; ds_from_cte[1] ; ds_data_out[1] ; 14.621 ; 14.621 ; 14.621 ; 14.621 ;
; ds_from_cte[1] ; ds_data_out[2] ; 14.224 ; 14.224 ; 14.224 ; 14.224 ;
; ds_from_cte[1] ; ds_data_out[3] ; 13.932 ; 13.932 ; 13.932 ; 13.932 ;
; ds_from_cte[1] ; ds_data_out[4] ; 12.572 ; 12.572 ; 12.572 ; 12.572 ;
; ds_from_cte[1] ; ds_data_out[5] ; 13.187 ; 13.187 ; 13.187 ; 13.187 ;
; ds_from_cte[1] ; ds_data_out[6] ; 14.571 ; 14.571 ; 14.571 ; 14.571 ;
; ds_from_cte[1] ; ds_data_out[7] ; 14.507 ; 14.507 ; 14.507 ; 14.507 ;
; ds_from_cte[2] ; ds_data_out[0] ; 13.708 ; 13.708 ; 13.708 ; 13.708 ;
; ds_from_cte[2] ; ds_data_out[1] ; 14.917 ; 14.917 ; 14.917 ; 14.917 ;
; ds_from_cte[2] ; ds_data_out[2] ; 14.519 ; 14.519 ; 14.519 ; 14.519 ;
; ds_from_cte[2] ; ds_data_out[3] ; 14.010 ; 14.010 ; 14.010 ; 14.010 ;
; ds_from_cte[2] ; ds_data_out[4] ; 13.894 ; 13.894 ; 13.894 ; 13.894 ;
; ds_from_cte[2] ; ds_data_out[5] ; 13.140 ; 13.140 ; 13.140 ; 13.140 ;
; ds_from_cte[2] ; ds_data_out[6] ; 14.675 ; 14.675 ; 14.675 ; 14.675 ;
; ds_from_cte[2] ; ds_data_out[7] ; 15.161 ; 15.161 ; 15.161 ; 15.161 ;
; ds_from_cte[3] ; ds_data_out[0] ; 13.617 ; 13.617 ; 13.617 ; 13.617 ;
; ds_from_cte[3] ; ds_data_out[1] ; 14.672 ; 14.672 ; 14.672 ; 14.672 ;
; ds_from_cte[3] ; ds_data_out[2] ; 14.920 ; 14.920 ; 14.920 ; 14.920 ;
; ds_from_cte[3] ; ds_data_out[3] ; 13.866 ; 13.866 ; 13.866 ; 13.866 ;
; ds_from_cte[3] ; ds_data_out[4] ; 12.146 ; 12.146 ; 12.146 ; 12.146 ;
; ds_from_cte[3] ; ds_data_out[5] ; 13.469 ; 13.469 ; 13.469 ; 13.469 ;
; ds_from_cte[3] ; ds_data_out[6] ; 14.556 ; 14.556 ; 14.556 ; 14.556 ;
; ds_from_cte[3] ; ds_data_out[7] ; 15.313 ; 15.313 ; 15.313 ; 15.313 ;
; ds_from_cte[4] ; ds_data_out[0] ; 13.503 ; 13.503 ; 13.503 ; 13.503 ;
; ds_from_cte[4] ; ds_data_out[1] ; 13.731 ; 13.731 ; 13.731 ; 13.731 ;
; ds_from_cte[4] ; ds_data_out[2] ; 14.227 ; 14.227 ; 14.227 ; 14.227 ;
; ds_from_cte[4] ; ds_data_out[3] ; 13.738 ; 13.738 ; 13.738 ; 13.738 ;
; ds_from_cte[4] ; ds_data_out[4] ; 12.500 ; 12.500 ; 12.500 ; 12.500 ;
; ds_from_cte[4] ; ds_data_out[5] ; 11.968 ; 11.968 ; 11.968 ; 11.968 ;
; ds_from_cte[4] ; ds_data_out[6] ; 15.374 ; 15.374 ; 15.374 ; 15.374 ;
; ds_from_cte[4] ; ds_data_out[7] ; 13.525 ; 13.525 ; 13.525 ; 13.525 ;
; ds_from_cte[5] ; ds_data_out[0] ; 12.282 ; 12.282 ; 12.282 ; 12.282 ;
; ds_from_cte[5] ; ds_data_out[1] ; 13.295 ; 13.295 ; 13.295 ; 13.295 ;
; ds_from_cte[5] ; ds_data_out[2] ; 12.876 ; 12.876 ; 12.876 ; 12.876 ;
; ds_from_cte[5] ; ds_data_out[3] ; 13.299 ; 13.299 ; 13.299 ; 13.299 ;
; ds_from_cte[5] ; ds_data_out[4] ; 11.423 ; 11.423 ; 11.423 ; 11.423 ;
; ds_from_cte[5] ; ds_data_out[5] ; 13.032 ; 13.032 ; 13.032 ; 13.032 ;
; ds_from_cte[5] ; ds_data_out[6] ; 13.790 ; 13.790 ; 13.790 ; 13.790 ;
; ds_from_cte[5] ; ds_data_out[7] ; 14.249 ; 14.249 ; 14.249 ; 14.249 ;
; ds_from_rb[0]  ; ds_data_out[0] ; 13.245 ; 13.245 ; 13.245 ; 13.245 ;
; ds_from_rb[0]  ; ds_data_out[1] ; 13.878 ; 13.878 ; 13.878 ; 13.878 ;
; ds_from_rb[0]  ; ds_data_out[2] ; 13.839 ; 13.839 ; 13.839 ; 13.839 ;
; ds_from_rb[0]  ; ds_data_out[3] ; 13.742 ; 13.742 ; 13.742 ; 13.742 ;
; ds_from_rb[0]  ; ds_data_out[4] ; 12.382 ; 12.382 ; 12.382 ; 12.382 ;
; ds_from_rb[0]  ; ds_data_out[5] ; 12.115 ; 12.115 ; 12.115 ; 12.115 ;
; ds_from_rb[0]  ; ds_data_out[6] ; 13.974 ; 13.974 ; 13.974 ; 13.974 ;
; ds_from_rb[0]  ; ds_data_out[7] ; 13.672 ; 13.672 ; 13.672 ; 13.672 ;
; ds_from_rb[1]  ; ds_data_out[0] ; 13.508 ; 13.508 ; 13.508 ; 13.508 ;
; ds_from_rb[1]  ; ds_data_out[1] ; 14.139 ; 14.139 ; 14.139 ; 14.139 ;
; ds_from_rb[1]  ; ds_data_out[2] ; 14.102 ; 14.102 ; 14.102 ; 14.102 ;
; ds_from_rb[1]  ; ds_data_out[3] ; 13.981 ; 13.981 ; 13.981 ; 13.981 ;
; ds_from_rb[1]  ; ds_data_out[4] ; 12.621 ; 12.621 ; 12.621 ; 12.621 ;
; ds_from_rb[1]  ; ds_data_out[5] ; 12.376 ; 12.376 ; 12.376 ; 12.376 ;
; ds_from_rb[1]  ; ds_data_out[6] ; 14.620 ; 14.620 ; 14.620 ; 14.620 ;
; ds_from_rb[1]  ; ds_data_out[7] ; 13.933 ; 13.933 ; 13.933 ; 13.933 ;
; ds_from_rb[2]  ; ds_data_out[0] ; 13.087 ; 13.087 ; 13.087 ; 13.087 ;
; ds_from_rb[2]  ; ds_data_out[1] ; 14.100 ; 14.100 ; 14.100 ; 14.100 ;
; ds_from_rb[2]  ; ds_data_out[2] ; 13.681 ; 13.681 ; 13.681 ; 13.681 ;
; ds_from_rb[2]  ; ds_data_out[3] ; 14.104 ; 14.104 ; 14.104 ; 14.104 ;
; ds_from_rb[2]  ; ds_data_out[4] ; 12.228 ; 12.228 ; 12.228 ; 12.228 ;
; ds_from_rb[2]  ; ds_data_out[5] ; 12.352 ; 12.352 ; 12.352 ; 12.352 ;
; ds_from_rb[2]  ; ds_data_out[6] ; 14.595 ; 14.595 ; 14.595 ; 14.595 ;
; ds_from_rb[2]  ; ds_data_out[7] ; 13.909 ; 13.909 ; 13.909 ; 13.909 ;
; ds_from_rb[3]  ; ds_data_out[0] ; 12.701 ; 12.701 ; 12.701 ; 12.701 ;
; ds_from_rb[3]  ; ds_data_out[1] ; 13.714 ; 13.714 ; 13.714 ; 13.714 ;
; ds_from_rb[3]  ; ds_data_out[2] ; 13.295 ; 13.295 ; 13.295 ; 13.295 ;
; ds_from_rb[3]  ; ds_data_out[3] ; 13.718 ; 13.718 ; 13.718 ; 13.718 ;
; ds_from_rb[3]  ; ds_data_out[4] ; 11.842 ; 11.842 ; 11.842 ; 11.842 ;
; ds_from_rb[3]  ; ds_data_out[5] ; 11.966 ; 11.966 ; 11.966 ; 11.966 ;
; ds_from_rb[3]  ; ds_data_out[6] ; 14.209 ; 14.209 ; 14.209 ; 14.209 ;
; ds_from_rb[3]  ; ds_data_out[7] ; 13.523 ; 13.523 ; 13.523 ; 13.523 ;
; ds_from_rb[4]  ; ds_data_out[0] ; 13.335 ; 13.335 ; 13.335 ; 13.335 ;
; ds_from_rb[4]  ; ds_data_out[1] ; 14.003 ; 14.003 ; 14.003 ; 14.003 ;
; ds_from_rb[4]  ; ds_data_out[2] ; 13.929 ; 13.929 ; 13.929 ; 13.929 ;
; ds_from_rb[4]  ; ds_data_out[3] ; 14.010 ; 14.010 ; 14.010 ; 14.010 ;
; ds_from_rb[4]  ; ds_data_out[4] ; 12.476 ; 12.476 ; 12.476 ; 12.476 ;
; ds_from_rb[4]  ; ds_data_out[5] ; 12.240 ; 12.240 ; 12.240 ; 12.240 ;
; ds_from_rb[4]  ; ds_data_out[6] ; 14.843 ; 14.843 ; 14.843 ; 14.843 ;
; ds_from_rb[4]  ; ds_data_out[7] ; 13.797 ; 13.797 ; 13.797 ; 13.797 ;
; ds_from_rb[5]  ; ds_data_out[0] ; 12.596 ; 12.596 ; 12.596 ; 12.596 ;
; ds_from_rb[5]  ; ds_data_out[1] ; 13.609 ; 13.609 ; 13.609 ; 13.609 ;
; ds_from_rb[5]  ; ds_data_out[2] ; 13.190 ; 13.190 ; 13.190 ; 13.190 ;
; ds_from_rb[5]  ; ds_data_out[3] ; 13.613 ; 13.613 ; 13.613 ; 13.613 ;
; ds_from_rb[5]  ; ds_data_out[4] ; 11.737 ; 11.737 ; 11.737 ; 11.737 ;
; ds_from_rb[5]  ; ds_data_out[5] ; 13.346 ; 13.346 ; 13.346 ; 13.346 ;
; ds_from_rb[5]  ; ds_data_out[6] ; 14.104 ; 14.104 ; 14.104 ; 14.104 ;
; ds_from_rb[5]  ; ds_data_out[7] ; 14.563 ; 14.563 ; 14.563 ; 14.563 ;
; ds_ng_cte_incr ; ds_data_out[0] ; 12.320 ; 12.320 ; 12.320 ; 12.320 ;
; ds_ng_cte_incr ; ds_data_out[1] ; 13.333 ; 13.333 ; 13.333 ; 13.333 ;
; ds_ng_cte_incr ; ds_data_out[2] ; 12.914 ; 12.914 ; 12.914 ; 12.914 ;
; ds_ng_cte_incr ; ds_data_out[3] ; 13.337 ; 13.337 ; 13.337 ; 13.337 ;
; ds_ng_cte_incr ; ds_data_out[4] ; 11.461 ; 11.461 ; 11.461 ; 11.461 ;
; ds_ng_cte_incr ; ds_data_out[5] ; 11.579 ; 11.579 ; 11.579 ; 11.579 ;
; ds_ng_cte_incr ; ds_data_out[6] ; 13.828 ; 13.828 ; 13.828 ; 13.828 ;
; ds_ng_cte_incr ; ds_data_out[7] ; 13.136 ; 13.136 ; 13.136 ; 13.136 ;
+----------------+----------------+--------+--------+--------+--------+


