Propagation Delay report for alu_mem
Wed Jan 20 16:06:04 2021
Quartus II 64-Bit Version 10.1 Build 197 01/19/2011 Service Pack 1 SJ Full Version


---------------------
; Table of Contents ;
---------------------
  1. Legal Notice
  2. Propagation Delay



----------------
; Legal Notice ;
----------------
Copyright (C) 1991-2011 Altera Corporation
Your use of Altera Corporation's design tools, logic functions 
and other software and tools, and its AMPP partner logic 
functions, and any output files from any of the foregoing 
(including device programming or simulation files), and any 
associated documentation or information are expressly subject 
to the terms and conditions of the Altera Program License 
Subscription Agreement, Altera MegaCore Function License 
Agreement, or other applicable license agreement, including, 
without limitation, that your use is for the sole purpose of 
programming logic devices manufactured by Altera and sold by 
Altera or its authorized distributors.  Please refer to the 
applicable agreement for further details.



+---------------------------------------------------------------------+
; Propagation Delay                                                   ;
+----------------+----------------+--------+--------+--------+--------+
; Input Port     ; Output Port    ; RR     ; RF     ; FR     ; FF     ;
+----------------+----------------+--------+--------+--------+--------+
; bs_from_cte[0] ; bs_data_out[0] ; 17.924 ; 17.924 ; 17.924 ; 17.924 ;
; bs_from_cte[0] ; bs_data_out[1] ; 17.713 ; 17.713 ; 17.713 ; 17.713 ;
; bs_from_cte[0] ; bs_data_out[2] ; 18.116 ; 18.116 ; 18.116 ; 18.116 ;
; bs_from_cte[0] ; bs_data_out[3] ; 19.964 ; 19.964 ; 19.964 ; 19.964 ;
; bs_from_cte[0] ; bs_data_out[4] ; 19.764 ; 19.764 ; 19.764 ; 19.764 ;
; bs_from_cte[0] ; bs_data_out[5] ; 17.408 ; 17.408 ; 17.408 ; 17.408 ;
; bs_from_cte[0] ; bs_data_out[6] ; 18.556 ; 18.556 ; 18.556 ; 18.556 ;
; bs_from_cte[0] ; bs_data_out[7] ; 17.411 ; 17.411 ; 17.411 ; 17.411 ;
; bs_from_cte[1] ; bs_data_out[0] ; 17.594 ; 17.594 ; 17.594 ; 17.594 ;
; bs_from_cte[1] ; bs_data_out[1] ; 18.111 ; 18.111 ; 18.111 ; 18.111 ;
; bs_from_cte[1] ; bs_data_out[2] ; 18.065 ; 18.065 ; 18.065 ; 18.065 ;
; bs_from_cte[1] ; bs_data_out[3] ; 20.308 ; 20.308 ; 20.308 ; 20.308 ;
; bs_from_cte[1] ; bs_data_out[4] ; 19.872 ; 19.872 ; 19.872 ; 19.872 ;
; bs_from_cte[1] ; bs_data_out[5] ; 17.747 ; 17.747 ; 17.747 ; 17.747 ;
; bs_from_cte[1] ; bs_data_out[6] ; 18.098 ; 18.098 ; 18.098 ; 18.098 ;
; bs_from_cte[1] ; bs_data_out[7] ; 17.879 ; 17.879 ; 17.879 ; 17.879 ;
; bs_from_cte[2] ; bs_data_out[0] ; 17.828 ; 17.828 ; 17.828 ; 17.828 ;
; bs_from_cte[2] ; bs_data_out[1] ; 17.560 ; 17.560 ; 17.560 ; 17.560 ;
; bs_from_cte[2] ; bs_data_out[2] ; 18.189 ; 18.189 ; 18.189 ; 18.189 ;
; bs_from_cte[2] ; bs_data_out[3] ; 18.573 ; 18.573 ; 18.573 ; 18.573 ;
; bs_from_cte[2] ; bs_data_out[4] ; 18.225 ; 18.225 ; 18.225 ; 18.225 ;
; bs_from_cte[2] ; bs_data_out[5] ; 16.796 ; 16.796 ; 16.796 ; 16.796 ;
; bs_from_cte[2] ; bs_data_out[6] ; 18.243 ; 18.243 ; 18.243 ; 18.243 ;
; bs_from_cte[2] ; bs_data_out[7] ; 16.806 ; 16.806 ; 16.806 ; 16.806 ;
; bs_from_cte[3] ; bs_data_out[0] ; 18.038 ; 18.038 ; 18.038 ; 18.038 ;
; bs_from_cte[3] ; bs_data_out[1] ; 17.584 ; 17.584 ; 17.584 ; 17.584 ;
; bs_from_cte[3] ; bs_data_out[2] ; 18.586 ; 18.586 ; 18.586 ; 18.586 ;
; bs_from_cte[3] ; bs_data_out[3] ; 18.351 ; 18.351 ; 18.351 ; 18.351 ;
; bs_from_cte[3] ; bs_data_out[4] ; 18.383 ; 18.383 ; 18.383 ; 18.383 ;
; bs_from_cte[3] ; bs_data_out[5] ; 16.367 ; 16.367 ; 16.367 ; 16.367 ;
; bs_from_cte[3] ; bs_data_out[6] ; 17.202 ; 17.202 ; 17.202 ; 17.202 ;
; bs_from_cte[3] ; bs_data_out[7] ; 16.135 ; 16.135 ; 16.135 ; 16.135 ;
; bs_from_cte[4] ; bs_data_out[0] ; 13.811 ; 13.811 ; 13.811 ; 13.811 ;
; bs_from_cte[4] ; bs_data_out[1] ; 14.237 ; 14.237 ; 14.237 ; 14.237 ;
; bs_from_cte[4] ; bs_data_out[2] ; 14.188 ; 14.188 ; 14.188 ; 14.188 ;
; bs_from_cte[4] ; bs_data_out[3] ; 14.332 ; 14.332 ; 14.332 ; 14.332 ;
; bs_from_cte[4] ; bs_data_out[4] ; 13.779 ; 13.779 ; 13.779 ; 13.779 ;
; bs_from_cte[4] ; bs_data_out[5] ; 12.751 ; 12.751 ; 12.751 ; 12.751 ;
; bs_from_cte[4] ; bs_data_out[6] ; 13.798 ; 13.798 ; 13.798 ; 13.798 ;
; bs_from_cte[4] ; bs_data_out[7] ; 12.593 ; 12.593 ; 12.593 ; 12.593 ;
; bs_from_cte[5] ; bs_data_out[0] ; 13.205 ; 13.205 ; 13.205 ; 13.205 ;
; bs_from_cte[5] ; bs_data_out[1] ; 14.227 ; 14.227 ; 14.227 ; 14.227 ;
; bs_from_cte[5] ; bs_data_out[2] ; 14.004 ; 14.004 ; 14.004 ; 14.004 ;
; bs_from_cte[5] ; bs_data_out[3] ; 14.148 ; 14.148 ; 14.148 ; 14.148 ;
; bs_from_cte[5] ; bs_data_out[4] ; 13.008 ; 13.008 ; 13.008 ; 13.008 ;
; bs_from_cte[5] ; bs_data_out[5] ; 11.971 ; 11.971 ; 11.971 ; 11.971 ;
; bs_from_cte[5] ; bs_data_out[6] ; 13.925 ; 13.925 ; 13.925 ; 13.925 ;
; bs_from_cte[5] ; bs_data_out[7] ; 12.954 ; 12.954 ; 12.954 ; 12.954 ;
; bs_from_rb[0]  ; bs_data_out[0] ; 19.035 ; 19.035 ; 19.035 ; 19.035 ;
; bs_from_rb[0]  ; bs_data_out[1] ; 18.584 ; 18.584 ; 18.584 ; 18.584 ;
; bs_from_rb[0]  ; bs_data_out[2] ; 19.583 ; 19.583 ; 19.583 ; 19.583 ;
; bs_from_rb[0]  ; bs_data_out[3] ; 20.781 ; 20.781 ; 20.781 ; 20.781 ;
; bs_from_rb[0]  ; bs_data_out[4] ; 20.347 ; 20.347 ; 20.347 ; 20.347 ;
; bs_from_rb[0]  ; bs_data_out[5] ; 18.220 ; 18.220 ; 18.220 ; 18.220 ;
; bs_from_rb[0]  ; bs_data_out[6] ; 19.139 ; 19.139 ; 19.139 ; 19.139 ;
; bs_from_rb[0]  ; bs_data_out[7] ; 18.352 ; 18.352 ; 18.352 ; 18.352 ;
; bs_from_rb[1]  ; bs_data_out[0] ; 19.438 ; 19.438 ; 19.438 ; 19.438 ;
; bs_from_rb[1]  ; bs_data_out[1] ; 19.299 ; 19.299 ; 19.299 ; 19.299 ;
; bs_from_rb[1]  ; bs_data_out[2] ; 19.986 ; 19.986 ; 19.986 ; 19.986 ;
; bs_from_rb[1]  ; bs_data_out[3] ; 21.496 ; 21.496 ; 21.496 ; 21.496 ;
; bs_from_rb[1]  ; bs_data_out[4] ; 21.060 ; 21.060 ; 21.060 ; 21.060 ;
; bs_from_rb[1]  ; bs_data_out[5] ; 18.935 ; 18.935 ; 18.935 ; 18.935 ;
; bs_from_rb[1]  ; bs_data_out[6] ; 19.286 ; 19.286 ; 19.286 ; 19.286 ;
; bs_from_rb[1]  ; bs_data_out[7] ; 19.067 ; 19.067 ; 19.067 ; 19.067 ;
; bs_from_rb[2]  ; bs_data_out[0] ; 18.897 ; 18.897 ; 18.897 ; 18.897 ;
; bs_from_rb[2]  ; bs_data_out[1] ; 18.443 ; 18.443 ; 18.443 ; 18.443 ;
; bs_from_rb[2]  ; bs_data_out[2] ; 19.445 ; 19.445 ; 19.445 ; 19.445 ;
; bs_from_rb[2]  ; bs_data_out[3] ; 19.210 ; 19.210 ; 19.210 ; 19.210 ;
; bs_from_rb[2]  ; bs_data_out[4] ; 19.242 ; 19.242 ; 19.242 ; 19.242 ;
; bs_from_rb[2]  ; bs_data_out[5] ; 17.226 ; 17.226 ; 17.226 ; 17.226 ;
; bs_from_rb[2]  ; bs_data_out[6] ; 18.239 ; 18.239 ; 18.239 ; 18.239 ;
; bs_from_rb[2]  ; bs_data_out[7] ; 16.994 ; 16.994 ; 16.994 ; 16.994 ;
; bs_from_rb[3]  ; bs_data_out[0] ; 18.602 ; 18.602 ; 18.602 ; 18.602 ;
; bs_from_rb[3]  ; bs_data_out[1] ; 18.148 ; 18.148 ; 18.148 ; 18.148 ;
; bs_from_rb[3]  ; bs_data_out[2] ; 19.150 ; 19.150 ; 19.150 ; 19.150 ;
; bs_from_rb[3]  ; bs_data_out[3] ; 18.915 ; 18.915 ; 18.915 ; 18.915 ;
; bs_from_rb[3]  ; bs_data_out[4] ; 18.947 ; 18.947 ; 18.947 ; 18.947 ;
; bs_from_rb[3]  ; bs_data_out[5] ; 16.931 ; 16.931 ; 16.931 ; 16.931 ;
; bs_from_rb[3]  ; bs_data_out[6] ; 17.766 ; 17.766 ; 17.766 ; 17.766 ;
; bs_from_rb[3]  ; bs_data_out[7] ; 16.699 ; 16.699 ; 16.699 ; 16.699 ;
; bs_from_rb[4]  ; bs_data_out[0] ; 14.148 ; 14.148 ; 14.148 ; 14.148 ;
; bs_from_rb[4]  ; bs_data_out[1] ; 15.170 ; 15.170 ; 15.170 ; 15.170 ;
; bs_from_rb[4]  ; bs_data_out[2] ; 14.947 ; 14.947 ; 14.947 ; 14.947 ;
; bs_from_rb[4]  ; bs_data_out[3] ; 15.091 ; 15.091 ; 15.091 ; 15.091 ;
; bs_from_rb[4]  ; bs_data_out[4] ; 13.951 ; 13.951 ; 13.951 ; 13.951 ;
; bs_from_rb[4]  ; bs_data_out[5] ; 12.914 ; 12.914 ; 12.914 ; 12.914 ;
; bs_from_rb[4]  ; bs_data_out[6] ; 14.868 ; 14.868 ; 14.868 ; 14.868 ;
; bs_from_rb[4]  ; bs_data_out[7] ; 13.897 ; 13.897 ; 13.897 ; 13.897 ;
; bs_from_rb[5]  ; bs_data_out[0] ; 14.067 ; 14.067 ; 14.067 ; 14.067 ;
; bs_from_rb[5]  ; bs_data_out[1] ; 15.089 ; 15.089 ; 15.089 ; 15.089 ;
; bs_from_rb[5]  ; bs_data_out[2] ; 14.866 ; 14.866 ; 14.866 ; 14.866 ;
; bs_from_rb[5]  ; bs_data_out[3] ; 15.010 ; 15.010 ; 15.010 ; 15.010 ;
; bs_from_rb[5]  ; bs_data_out[4] ; 13.870 ; 13.870 ; 13.870 ; 13.870 ;
; bs_from_rb[5]  ; bs_data_out[5] ; 12.833 ; 12.833 ; 12.833 ; 12.833 ;
; bs_from_rb[5]  ; bs_data_out[6] ; 14.787 ; 14.787 ; 14.787 ; 14.787 ;
; bs_from_rb[5]  ; bs_data_out[7] ; 13.816 ; 13.816 ; 13.816 ; 13.816 ;
; bs_ng_cte_incr ; bs_data_out[0] ; 18.375 ; 18.375 ; 18.375 ; 18.375 ;
; bs_ng_cte_incr ; bs_data_out[1] ; 18.474 ; 18.474 ; 18.474 ; 18.474 ;
; bs_ng_cte_incr ; bs_data_out[2] ; 18.923 ; 18.923 ; 18.923 ; 18.923 ;
; bs_ng_cte_incr ; bs_data_out[3] ; 20.671 ; 20.671 ; 20.671 ; 20.671 ;
; bs_ng_cte_incr ; bs_data_out[4] ; 20.235 ; 20.235 ; 20.235 ; 20.235 ;
; bs_ng_cte_incr ; bs_data_out[5] ; 18.110 ; 18.110 ; 18.110 ; 18.110 ;
; bs_ng_cte_incr ; bs_data_out[6] ; 18.771 ; 18.771 ; 18.771 ; 18.771 ;
; bs_ng_cte_incr ; bs_data_out[7] ; 18.242 ; 18.242 ; 18.242 ; 18.242 ;
; ds_from_cte[0] ; ds_data_out[0] ; 17.447 ; 17.447 ; 17.447 ; 17.447 ;
; ds_from_cte[0] ; ds_data_out[1] ; 17.340 ; 17.340 ; 17.340 ; 17.340 ;
; ds_from_cte[0] ; ds_data_out[2] ; 17.419 ; 17.419 ; 17.419 ; 17.419 ;
; ds_from_cte[0] ; ds_data_out[3] ; 19.304 ; 19.304 ; 19.304 ; 19.304 ;
; ds_from_cte[0] ; ds_data_out[4] ; 18.045 ; 18.045 ; 18.045 ; 18.045 ;
; ds_from_cte[0] ; ds_data_out[5] ; 20.523 ; 20.523 ; 20.523 ; 20.523 ;
; ds_from_cte[0] ; ds_data_out[6] ; 18.438 ; 18.438 ; 18.438 ; 18.438 ;
; ds_from_cte[0] ; ds_data_out[7] ; 17.944 ; 17.944 ; 17.944 ; 17.944 ;
; ds_from_cte[1] ; ds_data_out[0] ; 18.102 ; 18.102 ; 18.102 ; 18.102 ;
; ds_from_cte[1] ; ds_data_out[1] ; 17.942 ; 17.942 ; 17.942 ; 17.942 ;
; ds_from_cte[1] ; ds_data_out[2] ; 18.505 ; 18.505 ; 18.505 ; 18.505 ;
; ds_from_cte[1] ; ds_data_out[3] ; 19.447 ; 19.447 ; 19.447 ; 19.447 ;
; ds_from_cte[1] ; ds_data_out[4] ; 18.041 ; 18.041 ; 18.041 ; 18.041 ;
; ds_from_cte[1] ; ds_data_out[5] ; 20.032 ; 20.032 ; 20.032 ; 20.032 ;
; ds_from_cte[1] ; ds_data_out[6] ; 18.430 ; 18.430 ; 18.430 ; 18.430 ;
; ds_from_cte[1] ; ds_data_out[7] ; 18.459 ; 18.459 ; 18.459 ; 18.459 ;
; ds_from_cte[2] ; ds_data_out[0] ; 17.534 ; 17.534 ; 17.534 ; 17.534 ;
; ds_from_cte[2] ; ds_data_out[1] ; 18.147 ; 18.147 ; 18.147 ; 18.147 ;
; ds_from_cte[2] ; ds_data_out[2] ; 17.858 ; 17.858 ; 17.858 ; 17.858 ;
; ds_from_cte[2] ; ds_data_out[3] ; 18.968 ; 18.968 ; 18.968 ; 18.968 ;
; ds_from_cte[2] ; ds_data_out[4] ; 18.448 ; 18.448 ; 18.448 ; 18.448 ;
; ds_from_cte[2] ; ds_data_out[5] ; 16.950 ; 16.950 ; 16.950 ; 16.950 ;
; ds_from_cte[2] ; ds_data_out[6] ; 18.763 ; 18.763 ; 18.763 ; 18.763 ;
; ds_from_cte[2] ; ds_data_out[7] ; 18.516 ; 18.516 ; 18.516 ; 18.516 ;
; ds_from_cte[3] ; ds_data_out[0] ; 16.203 ; 16.203 ; 16.203 ; 16.203 ;
; ds_from_cte[3] ; ds_data_out[1] ; 17.456 ; 17.456 ; 17.456 ; 17.456 ;
; ds_from_cte[3] ; ds_data_out[2] ; 17.124 ; 17.124 ; 17.124 ; 17.124 ;
; ds_from_cte[3] ; ds_data_out[3] ; 18.277 ; 18.277 ; 18.277 ; 18.277 ;
; ds_from_cte[3] ; ds_data_out[4] ; 16.594 ; 16.594 ; 16.594 ; 16.594 ;
; ds_from_cte[3] ; ds_data_out[5] ; 16.106 ; 16.106 ; 16.106 ; 16.106 ;
; ds_from_cte[3] ; ds_data_out[6] ; 17.839 ; 17.839 ; 17.839 ; 17.839 ;
; ds_from_cte[3] ; ds_data_out[7] ; 17.197 ; 17.197 ; 17.197 ; 17.197 ;
; ds_from_cte[4] ; ds_data_out[0] ; 13.503 ; 13.503 ; 13.503 ; 13.503 ;
; ds_from_cte[4] ; ds_data_out[1] ; 14.122 ; 14.122 ; 14.122 ; 14.122 ;
; ds_from_cte[4] ; ds_data_out[2] ; 14.227 ; 14.227 ; 14.227 ; 14.227 ;
; ds_from_cte[4] ; ds_data_out[3] ; 13.955 ; 13.955 ; 13.955 ; 13.955 ;
; ds_from_cte[4] ; ds_data_out[4] ; 12.500 ; 12.500 ; 12.500 ; 12.500 ;
; ds_from_cte[4] ; ds_data_out[5] ; 12.632 ; 12.632 ; 12.632 ; 12.632 ;
; ds_from_cte[4] ; ds_data_out[6] ; 15.374 ; 15.374 ; 15.374 ; 15.374 ;
; ds_from_cte[4] ; ds_data_out[7] ; 14.592 ; 14.592 ; 14.592 ; 14.592 ;
; ds_from_cte[5] ; ds_data_out[0] ; 12.674 ; 12.674 ; 12.674 ; 12.674 ;
; ds_from_cte[5] ; ds_data_out[1] ; 13.295 ; 13.295 ; 13.295 ; 13.295 ;
; ds_from_cte[5] ; ds_data_out[2] ; 13.399 ; 13.399 ; 13.399 ; 13.399 ;
; ds_from_cte[5] ; ds_data_out[3] ; 13.299 ; 13.299 ; 13.299 ; 13.299 ;
; ds_from_cte[5] ; ds_data_out[4] ; 11.987 ; 11.987 ; 11.987 ; 11.987 ;
; ds_from_cte[5] ; ds_data_out[5] ; 13.032 ; 13.032 ; 13.032 ; 13.032 ;
; ds_from_cte[5] ; ds_data_out[6] ; 14.047 ; 14.047 ; 14.047 ; 14.047 ;
; ds_from_cte[5] ; ds_data_out[7] ; 14.249 ; 14.249 ; 14.249 ; 14.249 ;
; ds_from_rb[0]  ; ds_data_out[0] ; 17.966 ; 17.966 ; 17.966 ; 17.966 ;
; ds_from_rb[0]  ; ds_data_out[1] ; 18.579 ; 18.579 ; 18.579 ; 18.579 ;
; ds_from_rb[0]  ; ds_data_out[2] ; 18.315 ; 18.315 ; 18.315 ; 18.315 ;
; ds_from_rb[0]  ; ds_data_out[3] ; 19.400 ; 19.400 ; 19.400 ; 19.400 ;
; ds_from_rb[0]  ; ds_data_out[4] ; 18.880 ; 18.880 ; 18.880 ; 18.880 ;
; ds_from_rb[0]  ; ds_data_out[5] ; 20.559 ; 20.559 ; 20.559 ; 20.559 ;
; ds_from_rb[0]  ; ds_data_out[6] ; 19.195 ; 19.195 ; 19.195 ; 19.195 ;
; ds_from_rb[0]  ; ds_data_out[7] ; 18.948 ; 18.948 ; 18.948 ; 18.948 ;
; ds_from_rb[1]  ; ds_data_out[0] ; 18.229 ; 18.229 ; 18.229 ; 18.229 ;
; ds_from_rb[1]  ; ds_data_out[1] ; 18.842 ; 18.842 ; 18.842 ; 18.842 ;
; ds_from_rb[1]  ; ds_data_out[2] ; 18.554 ; 18.554 ; 18.554 ; 18.554 ;
; ds_from_rb[1]  ; ds_data_out[3] ; 19.663 ; 19.663 ; 19.663 ; 19.663 ;
; ds_from_rb[1]  ; ds_data_out[4] ; 19.143 ; 19.143 ; 19.143 ; 19.143 ;
; ds_from_rb[1]  ; ds_data_out[5] ; 20.081 ; 20.081 ; 20.081 ; 20.081 ;
; ds_from_rb[1]  ; ds_data_out[6] ; 19.458 ; 19.458 ; 19.458 ; 19.458 ;
; ds_from_rb[1]  ; ds_data_out[7] ; 19.211 ; 19.211 ; 19.211 ; 19.211 ;
; ds_from_rb[2]  ; ds_data_out[0] ; 17.662 ; 17.662 ; 17.662 ; 17.662 ;
; ds_from_rb[2]  ; ds_data_out[1] ; 18.275 ; 18.275 ; 18.275 ; 18.275 ;
; ds_from_rb[2]  ; ds_data_out[2] ; 17.986 ; 17.986 ; 17.986 ; 17.986 ;
; ds_from_rb[2]  ; ds_data_out[3] ; 19.096 ; 19.096 ; 19.096 ; 19.096 ;
; ds_from_rb[2]  ; ds_data_out[4] ; 18.576 ; 18.576 ; 18.576 ; 18.576 ;
; ds_from_rb[2]  ; ds_data_out[5] ; 17.078 ; 17.078 ; 17.078 ; 17.078 ;
; ds_from_rb[2]  ; ds_data_out[6] ; 18.891 ; 18.891 ; 18.891 ; 18.891 ;
; ds_from_rb[2]  ; ds_data_out[7] ; 18.644 ; 18.644 ; 18.644 ; 18.644 ;
; ds_from_rb[3]  ; ds_data_out[0] ; 16.297 ; 16.297 ; 16.297 ; 16.297 ;
; ds_from_rb[3]  ; ds_data_out[1] ; 17.550 ; 17.550 ; 17.550 ; 17.550 ;
; ds_from_rb[3]  ; ds_data_out[2] ; 17.218 ; 17.218 ; 17.218 ; 17.218 ;
; ds_from_rb[3]  ; ds_data_out[3] ; 18.371 ; 18.371 ; 18.371 ; 18.371 ;
; ds_from_rb[3]  ; ds_data_out[4] ; 16.688 ; 16.688 ; 16.688 ; 16.688 ;
; ds_from_rb[3]  ; ds_data_out[5] ; 16.200 ; 16.200 ; 16.200 ; 16.200 ;
; ds_from_rb[3]  ; ds_data_out[6] ; 17.933 ; 17.933 ; 17.933 ; 17.933 ;
; ds_from_rb[3]  ; ds_data_out[7] ; 17.291 ; 17.291 ; 17.291 ; 17.291 ;
; ds_from_rb[4]  ; ds_data_out[0] ; 13.775 ; 13.775 ; 13.775 ; 13.775 ;
; ds_from_rb[4]  ; ds_data_out[1] ; 14.394 ; 14.394 ; 14.394 ; 14.394 ;
; ds_from_rb[4]  ; ds_data_out[2] ; 14.499 ; 14.499 ; 14.499 ; 14.499 ;
; ds_from_rb[4]  ; ds_data_out[3] ; 14.352 ; 14.352 ; 14.352 ; 14.352 ;
; ds_from_rb[4]  ; ds_data_out[4] ; 13.040 ; 13.040 ; 13.040 ; 13.040 ;
; ds_from_rb[4]  ; ds_data_out[5] ; 14.085 ; 14.085 ; 14.085 ; 14.085 ;
; ds_from_rb[4]  ; ds_data_out[6] ; 15.646 ; 15.646 ; 15.646 ; 15.646 ;
; ds_from_rb[4]  ; ds_data_out[7] ; 15.302 ; 15.302 ; 15.302 ; 15.302 ;
; ds_from_rb[5]  ; ds_data_out[0] ; 12.988 ; 12.988 ; 12.988 ; 12.988 ;
; ds_from_rb[5]  ; ds_data_out[1] ; 13.609 ; 13.609 ; 13.609 ; 13.609 ;
; ds_from_rb[5]  ; ds_data_out[2] ; 13.713 ; 13.713 ; 13.713 ; 13.713 ;
; ds_from_rb[5]  ; ds_data_out[3] ; 13.613 ; 13.613 ; 13.613 ; 13.613 ;
; ds_from_rb[5]  ; ds_data_out[4] ; 12.301 ; 12.301 ; 12.301 ; 12.301 ;
; ds_from_rb[5]  ; ds_data_out[5] ; 13.346 ; 13.346 ; 13.346 ; 13.346 ;
; ds_from_rb[5]  ; ds_data_out[6] ; 14.361 ; 14.361 ; 14.361 ; 14.361 ;
; ds_from_rb[5]  ; ds_data_out[7] ; 14.563 ; 14.563 ; 14.563 ; 14.563 ;
; ds_ng_cte_incr ; ds_data_out[0] ; 17.752 ; 17.752 ; 17.752 ; 17.752 ;
; ds_ng_cte_incr ; ds_data_out[1] ; 18.177 ; 18.177 ; 18.177 ; 18.177 ;
; ds_ng_cte_incr ; ds_data_out[2] ; 18.155 ; 18.155 ; 18.155 ; 18.155 ;
; ds_ng_cte_incr ; ds_data_out[3] ; 19.207 ; 19.207 ; 19.207 ; 19.207 ;
; ds_ng_cte_incr ; ds_data_out[4] ; 18.478 ; 18.478 ; 18.478 ; 18.478 ;
; ds_ng_cte_incr ; ds_data_out[5] ; 20.426 ; 20.426 ; 20.426 ; 20.426 ;
; ds_ng_cte_incr ; ds_data_out[6] ; 18.793 ; 18.793 ; 18.793 ; 18.793 ;
; ds_ng_cte_incr ; ds_data_out[7] ; 18.546 ; 18.546 ; 18.546 ; 18.546 ;
+----------------+----------------+--------+--------+--------+--------+


