Analysis & Synthesis report for base_mem_simple
Thu May 19 16:25:34 2022
Quartus Prime Version 18.1.0 Build 625 09/12/2018 SJ Standard Edition


---------------------
; Table of Contents ;
---------------------
  1. Legal Notice
  2. Analysis & Synthesis Summary
  3. Analysis & Synthesis Settings
  4. Parallel Compilation
  5. Analysis & Synthesis Source Files Read
  6. Analysis & Synthesis Resource Usage Summary
  7. Analysis & Synthesis Resource Utilization by Entity
  8. Analysis & Synthesis RAM Summary
  9. General Register Statistics
 10. Multiplexer Restructuring Statistics (Restructuring Performed)
 11. Source assignments for mem_2port:mem|altsyncram:altsyncram_component|altsyncram_5n04:auto_generated
 12. Parameter Settings for User Entity Instance: Top-level Entity: |base_mem_simple
 13. Parameter Settings for User Entity Instance: mem_2port:mem|altsyncram:altsyncram_component
 14. Parameter Settings for User Entity Instance: reg_bank:rb
 15. Parameter Settings for User Entity Instance: reg_bank:rb|reg:reg_INIT
 16. Parameter Settings for User Entity Instance: reg_bank:rb|reg:reg_GURU
 17. Parameter Settings for User Entity Instance: reg_bank:rb|reg:reg_PRE_GURU
 18. altsyncram Parameter Settings by Entity Instance
 19. Port Connectivity Checks: "reg_bank:rb"
 20. Post-Synthesis Netlist Statistics for Top Partition
 21. Elapsed Time Per Partition
 22. Analysis & Synthesis Messages



----------------
; Legal Notice ;
----------------
Copyright (C) 2018  Intel Corporation. All rights reserved.
Your use of Intel Corporation's design tools, logic functions 
and other software and tools, and its AMPP partner logic 
functions, and any output files from any of the foregoing 
(including device programming or simulation files), and any 
associated documentation or information are expressly subject 
to the terms and conditions of the Intel Program License 
Subscription Agreement, the Intel Quartus Prime License Agreement,
the Intel FPGA IP License Agreement, or other applicable license
agreement, including, without limitation, that your use is for
the sole purpose of programming logic devices manufactured by
Intel and sold by Intel or its authorized distributors.  Please
refer to the applicable agreement for further details.



+-----------------------------------------------------------------------------------+
; Analysis & Synthesis Summary                                                      ;
+---------------------------------+-------------------------------------------------+
; Analysis & Synthesis Status     ; Successful - Thu May 19 16:25:33 2022           ;
; Quartus Prime Version           ; 18.1.0 Build 625 09/12/2018 SJ Standard Edition ;
; Revision Name                   ; base_mem_simple                                 ;
; Top-level Entity Name           ; base_mem_simple                                 ;
; Family                          ; Cyclone V                                       ;
; Logic utilization (in ALMs)     ; N/A                                             ;
; Total registers                 ; 18                                              ;
; Total pins                      ; 52                                              ;
; Total virtual pins              ; 0                                               ;
; Total block memory bits         ; 512                                             ;
; Total DSP Blocks                ; 0                                               ;
; Total HSSI RX PCSs              ; 0                                               ;
; Total HSSI PMA RX Deserializers ; 0                                               ;
; Total HSSI TX PCSs              ; 0                                               ;
; Total HSSI PMA TX Serializers   ; 0                                               ;
; Total PLLs                      ; 0                                               ;
; Total DLLs                      ; 0                                               ;
+---------------------------------+-------------------------------------------------+


+---------------------------------------------------------------------------------------------------------------------------+
; Analysis & Synthesis Settings                                                                                             ;
+---------------------------------------------------------------------------------+--------------------+--------------------+
; Option                                                                          ; Setting            ; Default Value      ;
+---------------------------------------------------------------------------------+--------------------+--------------------+
; Device                                                                          ; 5CSEMA5F31C6       ;                    ;
; Top-level entity name                                                           ; base_mem_simple    ; base_mem_simple    ;
; Family name                                                                     ; Cyclone V          ; Cyclone V          ;
; Use smart compilation                                                           ; Off                ; Off                ;
; Enable parallel Assembler and Timing Analyzer during compilation                ; On                 ; On                 ;
; Enable compact report table                                                     ; Off                ; Off                ;
; Restructure Multiplexers                                                        ; Auto               ; Auto               ;
; MLAB Add Timing Constraints For Mixed-Port Feed-Through Mode Setting Don't Care ; Off                ; Off                ;
; Create Debugging Nodes for IP Cores                                             ; Off                ; Off                ;
; Preserve fewer node names                                                       ; On                 ; On                 ;
; Intel FPGA IP Evaluation Mode                                                   ; Enable             ; Enable             ;
; Verilog Version                                                                 ; Verilog_2001       ; Verilog_2001       ;
; VHDL Version                                                                    ; VHDL_1993          ; VHDL_1993          ;
; State Machine Processing                                                        ; Auto               ; Auto               ;
; Safe State Machine                                                              ; Off                ; Off                ;
; Extract Verilog State Machines                                                  ; On                 ; On                 ;
; Extract VHDL State Machines                                                     ; On                 ; On                 ;
; Ignore Verilog initial constructs                                               ; Off                ; Off                ;
; Iteration limit for constant Verilog loops                                      ; 5000               ; 5000               ;
; Iteration limit for non-constant Verilog loops                                  ; 250                ; 250                ;
; Add Pass-Through Logic to Inferred RAMs                                         ; On                 ; On                 ;
; Infer RAMs from Raw Logic                                                       ; On                 ; On                 ;
; Parallel Synthesis                                                              ; On                 ; On                 ;
; DSP Block Balancing                                                             ; Auto               ; Auto               ;
; NOT Gate Push-Back                                                              ; On                 ; On                 ;
; Power-Up Don't Care                                                             ; On                 ; On                 ;
; Remove Redundant Logic Cells                                                    ; Off                ; Off                ;
; Remove Duplicate Registers                                                      ; On                 ; On                 ;
; Ignore CARRY Buffers                                                            ; Off                ; Off                ;
; Ignore CASCADE Buffers                                                          ; Off                ; Off                ;
; Ignore GLOBAL Buffers                                                           ; Off                ; Off                ;
; Ignore ROW GLOBAL Buffers                                                       ; Off                ; Off                ;
; Ignore LCELL Buffers                                                            ; Off                ; Off                ;
; Ignore SOFT Buffers                                                             ; On                 ; On                 ;
; Limit AHDL Integers to 32 Bits                                                  ; Off                ; Off                ;
; Optimization Technique                                                          ; Balanced           ; Balanced           ;
; Carry Chain Length                                                              ; 70                 ; 70                 ;
; Auto Carry Chains                                                               ; On                 ; On                 ;
; Auto Open-Drain Pins                                                            ; On                 ; On                 ;
; Perform WYSIWYG Primitive Resynthesis                                           ; Off                ; Off                ;
; Auto ROM Replacement                                                            ; On                 ; On                 ;
; Auto RAM Replacement                                                            ; On                 ; On                 ;
; Auto DSP Block Replacement                                                      ; On                 ; On                 ;
; Auto Shift Register Replacement                                                 ; Auto               ; Auto               ;
; Allow Shift Register Merging across Hierarchies                                 ; Auto               ; Auto               ;
; Auto Clock Enable Replacement                                                   ; On                 ; On                 ;
; Strict RAM Replacement                                                          ; Off                ; Off                ;
; Allow Synchronous Control Signals                                               ; On                 ; On                 ;
; Force Use of Synchronous Clear Signals                                          ; Off                ; Off                ;
; Auto Resource Sharing                                                           ; Off                ; Off                ;
; Allow Any RAM Size For Recognition                                              ; Off                ; Off                ;
; Allow Any ROM Size For Recognition                                              ; Off                ; Off                ;
; Allow Any Shift Register Size For Recognition                                   ; Off                ; Off                ;
; Use LogicLock Constraints during Resource Balancing                             ; On                 ; On                 ;
; Ignore translate_off and synthesis_off directives                               ; Off                ; Off                ;
; Timing-Driven Synthesis                                                         ; On                 ; On                 ;
; Report Parameter Settings                                                       ; On                 ; On                 ;
; Report Source Assignments                                                       ; On                 ; On                 ;
; Report Connectivity Checks                                                      ; On                 ; On                 ;
; Ignore Maximum Fan-Out Assignments                                              ; Off                ; Off                ;
; Synchronization Register Chain Length                                           ; 3                  ; 3                  ;
; Power Optimization During Synthesis                                             ; Normal compilation ; Normal compilation ;
; HDL message level                                                               ; Level2             ; Level2             ;
; Suppress Register Optimization Related Messages                                 ; Off                ; Off                ;
; Number of Removed Registers Reported in Synthesis Report                        ; 5000               ; 5000               ;
; Number of Swept Nodes Reported in Synthesis Report                              ; 5000               ; 5000               ;
; Number of Inverted Registers Reported in Synthesis Report                       ; 100                ; 100                ;
; Clock MUX Protection                                                            ; On                 ; On                 ;
; Auto Gated Clock Conversion                                                     ; Off                ; Off                ;
; Block Design Naming                                                             ; Auto               ; Auto               ;
; SDC constraint protection                                                       ; Off                ; Off                ;
; Synthesis Effort                                                                ; Auto               ; Auto               ;
; Shift Register Replacement - Allow Asynchronous Clear Signal                    ; On                 ; On                 ;
; Pre-Mapping Resynthesis Optimization                                            ; Off                ; Off                ;
; Analysis & Synthesis Message Level                                              ; Medium             ; Medium             ;
; Disable Register Merging Across Hierarchies                                     ; Auto               ; Auto               ;
; Resource Aware Inference For Block RAM                                          ; On                 ; On                 ;
; Automatic Parallel Synthesis                                                    ; On                 ; On                 ;
; Partial Reconfiguration Bitstream ID                                            ; Off                ; Off                ;
+---------------------------------------------------------------------------------+--------------------+--------------------+


+------------------------------------------+
; Parallel Compilation                     ;
+----------------------------+-------------+
; Processors                 ; Number      ;
+----------------------------+-------------+
; Number detected on machine ; 4           ;
; Maximum allowed            ; 2           ;
;                            ;             ;
; Average used               ; 1.00        ;
; Maximum used               ; 2           ;
;                            ;             ;
; Usage by Processor         ; % Time Used ;
;     Processor 1            ; 100.0%      ;
;     Processor 2            ;   0.2%      ;
+----------------------------+-------------+


+----------------------------------------------------------------------------------------------------------------------------------------------------------------------------------------+
; Analysis & Synthesis Source Files Read                                                                                                                                                 ;
+----------------------------------+-----------------+------------------------------+------------------------------------------------------------------------------------------+---------+
; File Name with User-Entered Path ; Used in Netlist ; File Type                    ; File Name with Absolute Path                                                             ; Library ;
+----------------------------------+-----------------+------------------------------+------------------------------------------------------------------------------------------+---------+
; ../mem_2port/mem_2port.vhd       ; yes             ; User Wizard-Generated File   ; C:/Users/Vinícius/Desktop/USP/PSI3451_wang/aula_7/mem_2port/mem_2port.vhd                ;         ;
; base_mem_simple.vhd              ; yes             ; Auto-Found VHDL File         ; C:/Users/Vinícius/Desktop/USP/PSI3451_wang/aula_7/base_mem_simple/base_mem_simple.vhd    ;         ;
; altsyncram.tdf                   ; yes             ; Megafunction                 ; c:/intelfpga/18.1/quartus/libraries/megafunctions/altsyncram.tdf                         ;         ;
; stratix_ram_block.inc            ; yes             ; Megafunction                 ; c:/intelfpga/18.1/quartus/libraries/megafunctions/stratix_ram_block.inc                  ;         ;
; lpm_mux.inc                      ; yes             ; Megafunction                 ; c:/intelfpga/18.1/quartus/libraries/megafunctions/lpm_mux.inc                            ;         ;
; lpm_decode.inc                   ; yes             ; Megafunction                 ; c:/intelfpga/18.1/quartus/libraries/megafunctions/lpm_decode.inc                         ;         ;
; aglobal181.inc                   ; yes             ; Megafunction                 ; c:/intelfpga/18.1/quartus/libraries/megafunctions/aglobal181.inc                         ;         ;
; a_rdenreg.inc                    ; yes             ; Megafunction                 ; c:/intelfpga/18.1/quartus/libraries/megafunctions/a_rdenreg.inc                          ;         ;
; altrom.inc                       ; yes             ; Megafunction                 ; c:/intelfpga/18.1/quartus/libraries/megafunctions/altrom.inc                             ;         ;
; altram.inc                       ; yes             ; Megafunction                 ; c:/intelfpga/18.1/quartus/libraries/megafunctions/altram.inc                             ;         ;
; altdpram.inc                     ; yes             ; Megafunction                 ; c:/intelfpga/18.1/quartus/libraries/megafunctions/altdpram.inc                           ;         ;
; db/altsyncram_5n04.tdf           ; yes             ; Auto-Generated Megafunction  ; C:/Users/Vinícius/Desktop/USP/PSI3451_wang/aula_7/base_mem_simple/db/altsyncram_5n04.tdf ;         ;
; reg_bank.vhd                     ; yes             ; Auto-Found VHDL File         ; C:/Users/Vinícius/Desktop/USP/PSI3451_wang/aula_7/base_mem_simple/reg_bank.vhd           ;         ;
; reg.vhd                          ; yes             ; Auto-Found VHDL File         ; C:/Users/Vinícius/Desktop/USP/PSI3451_wang/aula_7/base_mem_simple/reg.vhd                ;         ;
; code_gen.vhd                     ; yes             ; Auto-Found VHDL File         ; C:/Users/Vinícius/Desktop/USP/PSI3451_wang/aula_7/base_mem_simple/code_gen.vhd           ;         ;
+----------------------------------+-----------------+------------------------------+------------------------------------------------------------------------------------------+---------+


+---------------------------------------------------------+
; Analysis & Synthesis Resource Usage Summary             ;
+---------------------------------------------+-----------+
; Resource                                    ; Usage     ;
+---------------------------------------------+-----------+
; Estimate of Logic utilization (ALMs needed) ; 13        ;
;                                             ;           ;
; Combinational ALUT usage for logic          ; 22        ;
;     -- 7 input functions                    ; 0         ;
;     -- 6 input functions                    ; 0         ;
;     -- 5 input functions                    ; 6         ;
;     -- 4 input functions                    ; 0         ;
;     -- <=3 input functions                  ; 16        ;
;                                             ;           ;
; Dedicated logic registers                   ; 18        ;
;                                             ;           ;
; I/O pins                                    ; 52        ;
; Total MLAB memory bits                      ; 0         ;
; Total block memory bits                     ; 512       ;
;                                             ;           ;
; Total DSP Blocks                            ; 0         ;
;                                             ;           ;
; Maximum fan-out node                        ; clk~input ;
; Maximum fan-out                             ; 26        ;
; Total fan-out                               ; 318       ;
; Average fan-out                             ; 2.09      ;
+---------------------------------------------+-----------+


+-------------------------------------------------------------------------------------------------------------------------------------------------------------------------------------------------------------------------------------------------------------------------------------+
; Analysis & Synthesis Resource Utilization by Entity                                                                                                                                                                                                                                 ;
+-------------------------------------------+---------------------+---------------------------+-------------------+------------+------+--------------+-----------------------------------------------------------------------------------------------+-----------------+--------------+
; Compilation Hierarchy Node                ; Combinational ALUTs ; Dedicated Logic Registers ; Block Memory Bits ; DSP Blocks ; Pins ; Virtual Pins ; Full Hierarchy Name                                                                           ; Entity Name     ; Library Name ;
+-------------------------------------------+---------------------+---------------------------+-------------------+------------+------+--------------+-----------------------------------------------------------------------------------------------+-----------------+--------------+
; |base_mem_simple                          ; 22 (1)              ; 18 (0)                    ; 512               ; 0          ; 52   ; 0            ; |base_mem_simple                                                                              ; base_mem_simple ; work         ;
;    |mem_2port:mem|                        ; 0 (0)               ; 0 (0)                     ; 512               ; 0          ; 0    ; 0            ; |base_mem_simple|mem_2port:mem                                                                ; mem_2port       ; work         ;
;       |altsyncram:altsyncram_component|   ; 0 (0)               ; 0 (0)                     ; 512               ; 0          ; 0    ; 0            ; |base_mem_simple|mem_2port:mem|altsyncram:altsyncram_component                                ; altsyncram      ; work         ;
;          |altsyncram_5n04:auto_generated| ; 0 (0)               ; 0 (0)                     ; 512               ; 0          ; 0    ; 0            ; |base_mem_simple|mem_2port:mem|altsyncram:altsyncram_component|altsyncram_5n04:auto_generated ; altsyncram_5n04 ; work         ;
;    |reg_bank:rb|                          ; 21 (6)              ; 18 (0)                    ; 0                 ; 0          ; 0    ; 0            ; |base_mem_simple|reg_bank:rb                                                                  ; reg_bank        ; work         ;
;       |reg:reg_GURU|                      ; 1 (1)               ; 6 (6)                     ; 0                 ; 0          ; 0    ; 0            ; |base_mem_simple|reg_bank:rb|reg:reg_GURU                                                     ; reg             ; work         ;
;       |reg:reg_INIT|                      ; 7 (7)               ; 6 (6)                     ; 0                 ; 0          ; 0    ; 0            ; |base_mem_simple|reg_bank:rb|reg:reg_INIT                                                     ; reg             ; work         ;
;       |reg:reg_PRE_GURU|                  ; 7 (7)               ; 6 (6)                     ; 0                 ; 0          ; 0    ; 0            ; |base_mem_simple|reg_bank:rb|reg:reg_PRE_GURU                                                 ; reg             ; work         ;
+-------------------------------------------+---------------------+---------------------------+-------------------+------------+------+--------------+-----------------------------------------------------------------------------------------------+-----------------+--------------+
Note: For table entries with two numbers listed, the numbers in parentheses indicate the number of resources of the given type used by the specific entity alone. The numbers listed outside of parentheses indicate the total resources of the given type used by the specific entity and all of its sub-entities in the hierarchy.


+-------------------------------------------------------------------------------------------------------------------------------------------------------------------------------------------+
; Analysis & Synthesis RAM Summary                                                                                                                                                          ;
+-----------------------------------------------------------------------------------------+------+----------------+--------------+--------------+--------------+--------------+------+------+
; Name                                                                                    ; Type ; Mode           ; Port A Depth ; Port A Width ; Port B Depth ; Port B Width ; Size ; MIF  ;
+-----------------------------------------------------------------------------------------+------+----------------+--------------+--------------+--------------+--------------+------+------+
; mem_2port:mem|altsyncram:altsyncram_component|altsyncram_5n04:auto_generated|ALTSYNCRAM ; AUTO ; True Dual Port ; 64           ; 8            ; 64           ; 8            ; 512  ; None ;
+-----------------------------------------------------------------------------------------+------+----------------+--------------+--------------+--------------+--------------+------+------+


+------------------------------------------------------+
; General Register Statistics                          ;
+----------------------------------------------+-------+
; Statistic                                    ; Value ;
+----------------------------------------------+-------+
; Total registers                              ; 18    ;
; Number of registers using Synchronous Clear  ; 0     ;
; Number of registers using Synchronous Load   ; 0     ;
; Number of registers using Asynchronous Clear ; 0     ;
; Number of registers using Asynchronous Load  ; 0     ;
; Number of registers using Clock Enable       ; 18    ;
; Number of registers using Preset             ; 0     ;
+----------------------------------------------+-------+


+--------------------------------------------------------------------------------------------------------------------------------------------------------------------+
; Multiplexer Restructuring Statistics (Restructuring Performed)                                                                                                     ;
+--------------------+-----------+---------------+----------------------+------------------------+------------+------------------------------------------------------+
; Multiplexer Inputs ; Bus Width ; Baseline Area ; Area if Restructured ; Saving if Restructured ; Registered ; Example Multiplexer Output                           ;
+--------------------+-----------+---------------+----------------------+------------------------+------------+------------------------------------------------------+
; 3:1                ; 6 bits    ; 12 LEs        ; 6 LEs                ; 6 LEs                  ; Yes        ; |base_mem_simple|reg_bank:rb|reg:reg_PRE_GURU|q_s[0] ;
; 3:1                ; 6 bits    ; 12 LEs        ; 6 LEs                ; 6 LEs                  ; Yes        ; |base_mem_simple|reg_bank:rb|reg:reg_GURU|q_s[0]     ;
; 3:1                ; 6 bits    ; 12 LEs        ; 6 LEs                ; 6 LEs                  ; Yes        ; |base_mem_simple|reg_bank:rb|reg:reg_INIT|q_s[0]     ;
; 3:1                ; 6 bits    ; 12 LEs        ; 12 LEs               ; 0 LEs                  ; No         ; |base_mem_simple|reg_bank:rb|rb_out[0]               ;
+--------------------+-----------+---------------+----------------------+------------------------+------------+------------------------------------------------------+


+-----------------------------------------------------------------------------------------------------+
; Source assignments for mem_2port:mem|altsyncram:altsyncram_component|altsyncram_5n04:auto_generated ;
+---------------------------------+--------------------+------+---------------------------------------+
; Assignment                      ; Value              ; From ; To                                    ;
+---------------------------------+--------------------+------+---------------------------------------+
; OPTIMIZE_POWER_DURING_SYNTHESIS ; NORMAL_COMPILATION ; -    ; -                                     ;
+---------------------------------+--------------------+------+---------------------------------------+


+---------------------------------------------------------------------------------+
; Parameter Settings for User Entity Instance: Top-level Entity: |base_mem_simple ;
+----------------+-------+--------------------------------------------------------+
; Parameter Name ; Value ; Type                                                   ;
+----------------+-------+--------------------------------------------------------+
; WIDTH          ; 8     ; Signed Integer                                         ;
+----------------+-------+--------------------------------------------------------+
Note: In order to hide this table in the UI and the text report file, please set the "Show Parameter Settings in Synthesis Report" option in "Analysis and Synthesis Settings -> More Settings" to "Off".


+--------------------------------------------------------------------------------------------+
; Parameter Settings for User Entity Instance: mem_2port:mem|altsyncram:altsyncram_component ;
+------------------------------------+----------------------+--------------------------------+
; Parameter Name                     ; Value                ; Type                           ;
+------------------------------------+----------------------+--------------------------------+
; BYTE_SIZE_BLOCK                    ; 8                    ; Untyped                        ;
; AUTO_CARRY_CHAINS                  ; ON                   ; AUTO_CARRY                     ;
; IGNORE_CARRY_BUFFERS               ; OFF                  ; IGNORE_CARRY                   ;
; AUTO_CASCADE_CHAINS                ; ON                   ; AUTO_CASCADE                   ;
; IGNORE_CASCADE_BUFFERS             ; OFF                  ; IGNORE_CASCADE                 ;
; WIDTH_BYTEENA                      ; 1                    ; Untyped                        ;
; OPERATION_MODE                     ; BIDIR_DUAL_PORT      ; Untyped                        ;
; WIDTH_A                            ; 8                    ; Signed Integer                 ;
; WIDTHAD_A                          ; 6                    ; Signed Integer                 ;
; NUMWORDS_A                         ; 64                   ; Signed Integer                 ;
; OUTDATA_REG_A                      ; UNREGISTERED         ; Untyped                        ;
; ADDRESS_ACLR_A                     ; NONE                 ; Untyped                        ;
; OUTDATA_ACLR_A                     ; NONE                 ; Untyped                        ;
; WRCONTROL_ACLR_A                   ; NONE                 ; Untyped                        ;
; INDATA_ACLR_A                      ; NONE                 ; Untyped                        ;
; BYTEENA_ACLR_A                     ; NONE                 ; Untyped                        ;
; WIDTH_B                            ; 8                    ; Signed Integer                 ;
; WIDTHAD_B                          ; 6                    ; Signed Integer                 ;
; NUMWORDS_B                         ; 64                   ; Signed Integer                 ;
; INDATA_REG_B                       ; CLOCK0               ; Untyped                        ;
; WRCONTROL_WRADDRESS_REG_B          ; CLOCK0               ; Untyped                        ;
; RDCONTROL_REG_B                    ; CLOCK1               ; Untyped                        ;
; ADDRESS_REG_B                      ; CLOCK0               ; Untyped                        ;
; OUTDATA_REG_B                      ; UNREGISTERED         ; Untyped                        ;
; BYTEENA_REG_B                      ; CLOCK1               ; Untyped                        ;
; INDATA_ACLR_B                      ; NONE                 ; Untyped                        ;
; WRCONTROL_ACLR_B                   ; NONE                 ; Untyped                        ;
; ADDRESS_ACLR_B                     ; NONE                 ; Untyped                        ;
; OUTDATA_ACLR_B                     ; NONE                 ; Untyped                        ;
; RDCONTROL_ACLR_B                   ; NONE                 ; Untyped                        ;
; BYTEENA_ACLR_B                     ; NONE                 ; Untyped                        ;
; WIDTH_BYTEENA_A                    ; 1                    ; Signed Integer                 ;
; WIDTH_BYTEENA_B                    ; 1                    ; Signed Integer                 ;
; RAM_BLOCK_TYPE                     ; AUTO                 ; Untyped                        ;
; BYTE_SIZE                          ; 8                    ; Signed Integer                 ;
; READ_DURING_WRITE_MODE_MIXED_PORTS ; OLD_DATA             ; Untyped                        ;
; READ_DURING_WRITE_MODE_PORT_A      ; NEW_DATA_NO_NBE_READ ; Untyped                        ;
; READ_DURING_WRITE_MODE_PORT_B      ; NEW_DATA_NO_NBE_READ ; Untyped                        ;
; INIT_FILE                          ; UNUSED               ; Untyped                        ;
; INIT_FILE_LAYOUT                   ; PORT_A               ; Untyped                        ;
; MAXIMUM_DEPTH                      ; 0                    ; Signed Integer                 ;
; CLOCK_ENABLE_INPUT_A               ; BYPASS               ; Untyped                        ;
; CLOCK_ENABLE_INPUT_B               ; BYPASS               ; Untyped                        ;
; CLOCK_ENABLE_OUTPUT_A              ; BYPASS               ; Untyped                        ;
; CLOCK_ENABLE_OUTPUT_B              ; BYPASS               ; Untyped                        ;
; CLOCK_ENABLE_CORE_A                ; USE_INPUT_CLKEN      ; Untyped                        ;
; CLOCK_ENABLE_CORE_B                ; USE_INPUT_CLKEN      ; Untyped                        ;
; ENABLE_ECC                         ; FALSE                ; Untyped                        ;
; ECC_PIPELINE_STAGE_ENABLED         ; FALSE                ; Untyped                        ;
; WIDTH_ECCSTATUS                    ; 3                    ; Signed Integer                 ;
; DEVICE_FAMILY                      ; Cyclone V            ; Untyped                        ;
; CBXI_PARAMETER                     ; altsyncram_5n04      ; Untyped                        ;
+------------------------------------+----------------------+--------------------------------+
Note: In order to hide this table in the UI and the text report file, please set the "Show Parameter Settings in Synthesis Report" option in "Analysis and Synthesis Settings -> More Settings" to "Off".


+----------------------------------------------------------+
; Parameter Settings for User Entity Instance: reg_bank:rb ;
+----------------+-------+---------------------------------+
; Parameter Name ; Value ; Type                            ;
+----------------+-------+---------------------------------+
; width          ; 8     ; Signed Integer                  ;
+----------------+-------+---------------------------------+
Note: In order to hide this table in the UI and the text report file, please set the "Show Parameter Settings in Synthesis Report" option in "Analysis and Synthesis Settings -> More Settings" to "Off".


+-----------------------------------------------------------------------+
; Parameter Settings for User Entity Instance: reg_bank:rb|reg:reg_INIT ;
+----------------+-------+----------------------------------------------+
; Parameter Name ; Value ; Type                                         ;
+----------------+-------+----------------------------------------------+
; width          ; 8     ; Signed Integer                               ;
+----------------+-------+----------------------------------------------+
Note: In order to hide this table in the UI and the text report file, please set the "Show Parameter Settings in Synthesis Report" option in "Analysis and Synthesis Settings -> More Settings" to "Off".


+-----------------------------------------------------------------------+
; Parameter Settings for User Entity Instance: reg_bank:rb|reg:reg_GURU ;
+----------------+-------+----------------------------------------------+
; Parameter Name ; Value ; Type                                         ;
+----------------+-------+----------------------------------------------+
; width          ; 8     ; Signed Integer                               ;
+----------------+-------+----------------------------------------------+
Note: In order to hide this table in the UI and the text report file, please set the "Show Parameter Settings in Synthesis Report" option in "Analysis and Synthesis Settings -> More Settings" to "Off".


+---------------------------------------------------------------------------+
; Parameter Settings for User Entity Instance: reg_bank:rb|reg:reg_PRE_GURU ;
+----------------+-------+--------------------------------------------------+
; Parameter Name ; Value ; Type                                             ;
+----------------+-------+--------------------------------------------------+
; width          ; 8     ; Signed Integer                                   ;
+----------------+-------+--------------------------------------------------+
Note: In order to hide this table in the UI and the text report file, please set the "Show Parameter Settings in Synthesis Report" option in "Analysis and Synthesis Settings -> More Settings" to "Off".


+-------------------------------------------------------------------------------------------+
; altsyncram Parameter Settings by Entity Instance                                          ;
+-------------------------------------------+-----------------------------------------------+
; Name                                      ; Value                                         ;
+-------------------------------------------+-----------------------------------------------+
; Number of entity instances                ; 1                                             ;
; Entity Instance                           ; mem_2port:mem|altsyncram:altsyncram_component ;
;     -- OPERATION_MODE                     ; BIDIR_DUAL_PORT                               ;
;     -- WIDTH_A                            ; 8                                             ;
;     -- NUMWORDS_A                         ; 64                                            ;
;     -- OUTDATA_REG_A                      ; UNREGISTERED                                  ;
;     -- WIDTH_B                            ; 8                                             ;
;     -- NUMWORDS_B                         ; 64                                            ;
;     -- ADDRESS_REG_B                      ; CLOCK0                                        ;
;     -- OUTDATA_REG_B                      ; UNREGISTERED                                  ;
;     -- RAM_BLOCK_TYPE                     ; AUTO                                          ;
;     -- READ_DURING_WRITE_MODE_MIXED_PORTS ; OLD_DATA                                      ;
+-------------------------------------------+-----------------------------------------------+


+--------------------------------------------------------------------------------------------------------------------------+
; Port Connectivity Checks: "reg_bank:rb"                                                                                  ;
+----------------+--------+----------+-------------------------------------------------------------------------------------+
; Port           ; Type   ; Severity ; Details                                                                             ;
+----------------+--------+----------+-------------------------------------------------------------------------------------+
; guru_addr      ; Output ; Info     ; Connected to dangling logic. Logic that only feeds a dangling port will be removed. ;
; guru_prev_addr ; Output ; Info     ; Connected to dangling logic. Logic that only feeds a dangling port will be removed. ;
; rb_out[7..6]   ; Output ; Info     ; Connected to dangling logic. Logic that only feeds a dangling port will be removed. ;
+----------------+--------+----------+-------------------------------------------------------------------------------------+


+-----------------------------------------------------+
; Post-Synthesis Netlist Statistics for Top Partition ;
+-----------------------+-----------------------------+
; Type                  ; Count                       ;
+-----------------------+-----------------------------+
; arriav_ff             ; 18                          ;
;     ENA               ; 18                          ;
; arriav_lcell_comb     ; 22                          ;
;     normal            ; 22                          ;
;         0 data inputs ; 1                           ;
;         2 data inputs ; 15                          ;
;         5 data inputs ; 6                           ;
; boundary_port         ; 52                          ;
; stratixv_ram_block    ; 8                           ;
;                       ;                             ;
; Max LUT depth         ; 1.00                        ;
; Average LUT depth     ; 0.57                        ;
+-----------------------+-----------------------------+


+-------------------------------+
; Elapsed Time Per Partition    ;
+----------------+--------------+
; Partition Name ; Elapsed Time ;
+----------------+--------------+
; Top            ; 00:00:03     ;
+----------------+--------------+


+-------------------------------+
; Analysis & Synthesis Messages ;
+-------------------------------+
Info: *******************************************************************
Info: Running Quartus Prime Analysis & Synthesis
    Info: Version 18.1.0 Build 625 09/12/2018 SJ Standard Edition
    Info: Processing started: Thu May 19 16:24:48 2022
Info: Command: quartus_map --read_settings_files=on --write_settings_files=off base_mem_simple -c base_mem_simple
Warning (18236): Number of processors has not been specified which may cause overloading on shared machines.  Set the global assignment NUM_PARALLEL_PROCESSORS in your QSF to an appropriate value for best performance.
Info (20030): Parallel compilation is enabled and will use 2 of the 2 processors detected
Info (12021): Found 2 design units, including 1 entities, in source file /users/vinícius/desktop/usp/psi3451_wang/aula_7/mem_2port/mem_2port.vhd
    Info (12022): Found design unit 1: mem_2port-SYN File: C:/Users/Vinícius/Desktop/USP/PSI3451_wang/aula_7/mem_2port/mem_2port.vhd Line: 58
    Info (12023): Found entity 1: mem_2port File: C:/Users/Vinícius/Desktop/USP/PSI3451_wang/aula_7/mem_2port/mem_2port.vhd Line: 42
Info (12021): Found 2 design units, including 1 entities, in source file /users/vinícius/desktop/usp/psi3451_wang/aula_7/mem_2port/clock_generator.vhd
    Info (12022): Found design unit 1: clock_generator-test File: C:/Users/Vinícius/Desktop/USP/PSI3451_wang/aula_7/mem_2port/clock_generator.vhd Line: 18
    Info (12023): Found entity 1: clock_generator File: C:/Users/Vinícius/Desktop/USP/PSI3451_wang/aula_7/mem_2port/clock_generator.vhd Line: 4
Warning (12125): Using design file base_mem_simple.vhd, which is not specified as a design file for the current project, but contains definitions for 3 design units and 1 entities in project
    Info (12022): Found design unit 1: wisdom_package File: C:/Users/Vinícius/Desktop/USP/PSI3451_wang/aula_7/base_mem_simple/base_mem_simple.vhd Line: 4
    Info (12022): Found design unit 2: base_mem_simple-arch File: C:/Users/Vinícius/Desktop/USP/PSI3451_wang/aula_7/base_mem_simple/base_mem_simple.vhd Line: 126
    Info (12023): Found entity 1: base_mem_simple File: C:/Users/Vinícius/Desktop/USP/PSI3451_wang/aula_7/base_mem_simple/base_mem_simple.vhd Line: 97
Info (12127): Elaborating entity "base_mem_simple" for the top level hierarchy
Warning (10036): Verilog HDL or VHDL warning at base_mem_simple.vhd(184): object "guru_addr_s" assigned a value but never read File: C:/Users/Vinícius/Desktop/USP/PSI3451_wang/aula_7/base_mem_simple/base_mem_simple.vhd Line: 184
Warning (10036): Verilog HDL or VHDL warning at base_mem_simple.vhd(185): object "guru_prev_addr_s" assigned a value but never read File: C:/Users/Vinícius/Desktop/USP/PSI3451_wang/aula_7/base_mem_simple/base_mem_simple.vhd Line: 185
Info (12128): Elaborating entity "mem_2port" for hierarchy "mem_2port:mem" File: C:/Users/Vinícius/Desktop/USP/PSI3451_wang/aula_7/base_mem_simple/base_mem_simple.vhd Line: 194
Info (12128): Elaborating entity "altsyncram" for hierarchy "mem_2port:mem|altsyncram:altsyncram_component" File: C:/Users/Vinícius/Desktop/USP/PSI3451_wang/aula_7/mem_2port/mem_2port.vhd Line: 67
Info (12130): Elaborated megafunction instantiation "mem_2port:mem|altsyncram:altsyncram_component" File: C:/Users/Vinícius/Desktop/USP/PSI3451_wang/aula_7/mem_2port/mem_2port.vhd Line: 67
Info (12133): Instantiated megafunction "mem_2port:mem|altsyncram:altsyncram_component" with the following parameter: File: C:/Users/Vinícius/Desktop/USP/PSI3451_wang/aula_7/mem_2port/mem_2port.vhd Line: 67
    Info (12134): Parameter "address_aclr_a" = "UNUSED"
    Info (12134): Parameter "address_aclr_b" = "NONE"
    Info (12134): Parameter "address_reg_b" = "CLOCK0"
    Info (12134): Parameter "byte_size" = "8"
    Info (12134): Parameter "byteena_aclr_a" = "UNUSED"
    Info (12134): Parameter "byteena_aclr_b" = "NONE"
    Info (12134): Parameter "byteena_reg_b" = "CLOCK1"
    Info (12134): Parameter "clock_enable_core_a" = "USE_INPUT_CLKEN"
    Info (12134): Parameter "clock_enable_core_b" = "USE_INPUT_CLKEN"
    Info (12134): Parameter "clock_enable_input_a" = "BYPASS"
    Info (12134): Parameter "clock_enable_input_b" = "BYPASS"
    Info (12134): Parameter "clock_enable_output_a" = "BYPASS"
    Info (12134): Parameter "clock_enable_output_b" = "BYPASS"
    Info (12134): Parameter "intended_device_family" = "Cyclone V"
    Info (12134): Parameter "ecc_pipeline_stage_enabled" = "FALSE"
    Info (12134): Parameter "enable_ecc" = "FALSE"
    Info (12134): Parameter "implement_in_les" = "OFF"
    Info (12134): Parameter "indata_aclr_a" = "UNUSED"
    Info (12134): Parameter "indata_aclr_b" = "NONE"
    Info (12134): Parameter "indata_reg_b" = "CLOCK0"
    Info (12134): Parameter "init_file" = "UNUSED"
    Info (12134): Parameter "init_file_layout" = "PORT_A"
    Info (12134): Parameter "maximum_depth" = "0"
    Info (12134): Parameter "numwords_a" = "64"
    Info (12134): Parameter "numwords_b" = "64"
    Info (12134): Parameter "operation_mode" = "BIDIR_DUAL_PORT"
    Info (12134): Parameter "outdata_aclr_a" = "NONE"
    Info (12134): Parameter "outdata_aclr_b" = "NONE"
    Info (12134): Parameter "outdata_reg_a" = "UNREGISTERED"
    Info (12134): Parameter "outdata_reg_b" = "UNREGISTERED"
    Info (12134): Parameter "power_up_uninitialized" = "TRUE"
    Info (12134): Parameter "ram_block_type" = "AUTO"
    Info (12134): Parameter "rdcontrol_aclr_b" = "NONE"
    Info (12134): Parameter "rdcontrol_reg_b" = "CLOCK1"
    Info (12134): Parameter "read_during_write_mode_mixed_ports" = "OLD_DATA"
    Info (12134): Parameter "read_during_write_mode_port_a" = "NEW_DATA_NO_NBE_READ"
    Info (12134): Parameter "read_during_write_mode_port_b" = "NEW_DATA_NO_NBE_READ"
    Info (12134): Parameter "stratixiv_m144k_allow_dual_clocks" = "ON"
    Info (12134): Parameter "width_a" = "8"
    Info (12134): Parameter "width_b" = "8"
    Info (12134): Parameter "width_byteena_a" = "1"
    Info (12134): Parameter "width_byteena_b" = "1"
    Info (12134): Parameter "width_eccstatus" = "3"
    Info (12134): Parameter "widthad_a" = "6"
    Info (12134): Parameter "widthad_b" = "6"
    Info (12134): Parameter "wrcontrol_aclr_a" = "UNUSED"
    Info (12134): Parameter "wrcontrol_aclr_b" = "NONE"
    Info (12134): Parameter "wrcontrol_wraddress_reg_b" = "CLOCK0"
    Info (12134): Parameter "lpm_hint" = "UNUSED"
    Info (12134): Parameter "lpm_type" = "altsyncram"
Info (12021): Found 1 design units, including 1 entities, in source file db/altsyncram_5n04.tdf
    Info (12023): Found entity 1: altsyncram_5n04 File: C:/Users/Vinícius/Desktop/USP/PSI3451_wang/aula_7/base_mem_simple/db/altsyncram_5n04.tdf Line: 27
Info (12128): Elaborating entity "altsyncram_5n04" for hierarchy "mem_2port:mem|altsyncram:altsyncram_component|altsyncram_5n04:auto_generated" File: c:/intelfpga/18.1/quartus/libraries/megafunctions/altsyncram.tdf Line: 791
Warning (12125): Using design file reg_bank.vhd, which is not specified as a design file for the current project, but contains definitions for 2 design units and 1 entities in project
    Info (12022): Found design unit 1: reg_bank-arch File: C:/Users/Vinícius/Desktop/USP/PSI3451_wang/aula_7/base_mem_simple/reg_bank.vhd Line: 28
    Info (12023): Found entity 1: reg_bank File: C:/Users/Vinícius/Desktop/USP/PSI3451_wang/aula_7/base_mem_simple/reg_bank.vhd Line: 6
Info (12128): Elaborating entity "reg_bank" for hierarchy "reg_bank:rb" File: C:/Users/Vinícius/Desktop/USP/PSI3451_wang/aula_7/base_mem_simple/base_mem_simple.vhd Line: 210
Warning (12125): Using design file reg.vhd, which is not specified as a design file for the current project, but contains definitions for 2 design units and 1 entities in project
    Info (12022): Found design unit 1: reg-arch File: C:/Users/Vinícius/Desktop/USP/PSI3451_wang/aula_7/base_mem_simple/reg.vhd Line: 22
    Info (12023): Found entity 1: reg File: C:/Users/Vinícius/Desktop/USP/PSI3451_wang/aula_7/base_mem_simple/reg.vhd Line: 6
Info (12128): Elaborating entity "reg" for hierarchy "reg_bank:rb|reg:reg_INIT" File: C:/Users/Vinícius/Desktop/USP/PSI3451_wang/aula_7/base_mem_simple/reg_bank.vhd Line: 70
Warning (12125): Using design file code_gen.vhd, which is not specified as a design file for the current project, but contains definitions for 2 design units and 1 entities in project
    Info (12022): Found design unit 1: code_gen-arch File: C:/Users/Vinícius/Desktop/USP/PSI3451_wang/aula_7/base_mem_simple/code_gen.vhd Line: 26
    Info (12023): Found entity 1: code_gen File: C:/Users/Vinícius/Desktop/USP/PSI3451_wang/aula_7/base_mem_simple/code_gen.vhd Line: 17
Info (12128): Elaborating entity "code_gen" for hierarchy "code_gen:c_g" File: C:/Users/Vinícius/Desktop/USP/PSI3451_wang/aula_7/base_mem_simple/base_mem_simple.vhd Line: 226
Info (286030): Timing-Driven Synthesis is running
Info (16010): Generating hard_block partition "hard_block:auto_generated_inst"
    Info (16011): Adding 0 node(s), including 0 DDIO, 0 PLL, 0 transceiver and 0 LCELL
Warning (21074): Design contains 3 input pin(s) that do not drive logic
    Warning (15610): No output dependent on input pin "ng_2_RB[6]" File: C:/Users/Vinícius/Desktop/USP/PSI3451_wang/aula_7/base_mem_simple/base_mem_simple.vhd Line: 108
    Warning (15610): No output dependent on input pin "ng_2_RB[7]" File: C:/Users/Vinícius/Desktop/USP/PSI3451_wang/aula_7/base_mem_simple/base_mem_simple.vhd Line: 108
    Warning (15610): No output dependent on input pin "out_sel.REG_GURU_PREV_OUT" File: C:/Users/Vinícius/Desktop/USP/PSI3451_wang/aula_7/base_mem_simple/base_mem_simple.vhd Line: 112
Info (21057): Implemented 94 device resources after synthesis - the final resource count might be different
    Info (21058): Implemented 36 input pins
    Info (21059): Implemented 16 output pins
    Info (21061): Implemented 34 logic cells
    Info (21064): Implemented 8 RAM segments
Info: Quartus Prime Analysis & Synthesis was successful. 0 errors, 11 warnings
    Info: Peak virtual memory: 4878 megabytes
    Info: Processing ended: Thu May 19 16:25:34 2022
    Info: Elapsed time: 00:00:46
    Info: Total CPU time (on all processors): 00:00:38


