LeonardoSpectrum Level 3 - 2012b.6 (Release Production Release, compiled Aug  8 2012 at 15:10:47)
Copyright 1990-2010 Mentor Graphics.  All rights reserved.
Portions copyright 1991-2010 Compuware Corporation

--
-- Welcome to LeonardoSpectrum Level 3
-- Run By Vinícius@TEXUGO-NEGRO
-- Run Started On Fri Jan 08 14:20:31 Hora oficial do Brasil 2021
--
Reading library file `C:\MGC\LeoSpec\LS2012b_6\\lib\tsmc025_typ.syn`...
Library version =  Release : Patch (a) : (Sep 23, 2005)
Delays assume: Process=typical Temp=  0.0 C  Voltage=2.50 V  
Info: setting encoding to auto
Info, Working Directory is now 'C:/Users/Vinícius/Desktop/USP/PSI3451 (WANG)/aula 9/alu_mem_3/síntese'
Info, History file moved to new working directory
Info, Log file moved to new working directory
-- Reading file C:\MGC\LeoSpec\LS2012b_6\\data\standard.vhd for unit standard
-- Loading package standard into library std
-- Reading vhdl file C:/Users/Vinícius/Desktop/USP/PSI3451 (WANG)/aula 9/alu_mem_3/fonte/alu_1.vhd into library work
-- Reading file C:\MGC\LeoSpec\LS2012b_6\\data\std_1164.vhd for unit std_logic_1164
-- Loading package std_logic_1164 into library IEEE
-- Reading file C:\MGC\LeoSpec\LS2012b_6\\data\numeric_std.vhd for unit numeric_std
-- Loading package NUMERIC_STD into library IEEE
-- Loading entity alu into library work
-- Loading architecture with_RCA of alu into library work
"C:/Users/Vinícius/Desktop/USP/PSI3451 (WANG)/aula 9/alu_mem_3/fonte/alu_1.vhd",line 61: Warning, signal carry_out_s is never used.
-- Reading vhdl file C:/Users/Vinícius/Desktop/USP/PSI3451 (WANG)/aula 9/alu_mem_3/fonte/alu_mem.vhd into library work
"C:/Users/Vinícius/Desktop/USP/PSI3451 (WANG)/aula 9/alu_mem_3/fonte/alu_mem.vhd",line 21: Info, Enumerated type CONTROL_SELECT with 2 elements encoded as binary.
Encodings for CONTROL_SELECT values
   value    CONTROL_SELECT[0]
=============================
       INIT_CON  0
  STEP_GURU_CON  1

"C:/Users/Vinícius/Desktop/USP/PSI3451 (WANG)/aula 9/alu_mem_3/fonte/alu_mem.vhd",line 27: Info, Enumerated type RB_SEL with 3 elements encoded as binary.
Encodings for RB_SEL values
        value    RB_SEL[1-0]
============================
       INIT_OUT  00
   REG_GURU_OUT  -1
REG_GURU_PREV_OUT  10

"C:/Users/Vinícius/Desktop/USP/PSI3451 (WANG)/aula 9/alu_mem_3/fonte/alu_mem.vhd",line 34: Info, Enumerated type CODE with 4 elements encoded as binary.
Encodings for CODE values
        value    CODE[1-0]
==========================
          BLANK  00
           GURU  01
       DISCIPLE  10
            DUO  11

-- Loading package wisdom_package into library work
-- Loading entity alu_mem into library work
-- Loading architecture add_mux of alu_mem into library work
-- Reading vhdl file C:/Users/Vinícius/Desktop/USP/PSI3451 (WANG)/aula 9/alu_mem_3/fonte/full_adder_1.vhd into library work
-- Loading entity full_adder_1 into library work
-- Loading architecture dataflow of full_adder_1 into library work
-- Reading vhdl file C:/Users/Vinícius/Desktop/USP/PSI3451 (WANG)/aula 9/alu_mem_3/fonte/mem_2port.vhd into library work
-- Loading entity mem_2port into library work
-- Loading architecture structure of mem_2port into library work
-- Reading vhdl file C:/Users/Vinícius/Desktop/USP/PSI3451 (WANG)/aula 9/alu_mem_3/fonte/mem_quartus_rtl.vhd into library work
-- Loading entity mem_quartus into library work
-- Loading architecture rtl of mem_quartus into library work
"C:/Users/Vinícius/Desktop/USP/PSI3451 (WANG)/aula 9/alu_mem_3/fonte/mem_quartus_rtl.vhd",line 61: Warning, signal q_a_s is never used.
"C:/Users/Vinícius/Desktop/USP/PSI3451 (WANG)/aula 9/alu_mem_3/fonte/mem_quartus_rtl.vhd",line 61: Warning, signal q_a_s is never assigned a value.
"C:/Users/Vinícius/Desktop/USP/PSI3451 (WANG)/aula 9/alu_mem_3/fonte/mem_quartus_rtl.vhd",line 61: Warning, signal q_b_s is never used.
"C:/Users/Vinícius/Desktop/USP/PSI3451 (WANG)/aula 9/alu_mem_3/fonte/mem_quartus_rtl.vhd",line 61: Warning, signal q_b_s is never assigned a value.
-- Reading vhdl file C:/Users/Vinícius/Desktop/USP/PSI3451 (WANG)/aula 9/alu_mem_3/fonte/rc_adder_2.vhd into library work
-- Loading entity rc_adder_2 into library work
-- Loading architecture structural of rc_adder_2 into library work
-- Compiling root entity alu_mem(add_mux)
-- Compiling entity mem_2port(structure)
-- Compiling entity mem_quartus(rtl)
"C:/Users/Vinícius/Desktop/USP/PSI3451 (WANG)/aula 9/alu_mem_3/fonte/mem_quartus_rtl.vhd",line 64: Info, RAM detected for 'ram'.
"C:/Users/Vinícius/Desktop/USP/PSI3451 (WANG)/aula 9/alu_mem_3/fonte/mem_quartus_rtl.vhd",line 64: Info, created RAM instance 'modgen_ram_ix60' for 'ram'.
.
-- Compiling entity alu_8(with_RCA)
-- Compiling entity rc_adder_2_8(structural)
-- Compiling entity full_adder_1(dataflow)
-- Boundary optimization.
-- Boundary optimization.
-- Boundary optimization.
-- Start pre-optimization for design .work.mem_quartus.rtl
-- Start pre-optimization for design .work.mem_2port.structure
-- Start pre-optimization for design .work.full_adder_1.dataflow_unfold_2931
-- Start pre-optimization for design .work.full_adder_1.dataflow_unfold_2932
-- Start pre-optimization for design .work.full_adder_1.dataflow_unfold_2212
-- Start pre-optimization for design .work.rc_adder_2_8.structural_unfold_1433
-- Start pre-optimization for design .work.alu_8.with_RCA_unfold_1573_0
-- Start pre-optimization for design .work.alu_mem.add_mux
-- Start pre-optimization for design .work.mem_quartus.rtl
-- Start pre-optimization for design .work.mem_2port.structure
-- Start pre-optimization for design .work.full_adder_1.dataflow_unfold_2931
-- Start pre-optimization for design .work.full_adder_1.dataflow_unfold_2932
-- Start pre-optimization for design .work.full_adder_1.dataflow_unfold_2212
-- Start pre-optimization for design .work.rc_adder_2_8.structural_unfold_1433
-- Start pre-optimization for design .work.alu_8.with_RCA_unfold_1573_0
-- Start pre-optimization for design .work.alu_mem.add_mux
Info: setting register2register to 2.500000
Info: setting input2register to 2.500000
Info: setting register2output to 2.500000
Info, Instances dissolved by autodissolve in View .work.mem_2port.structure
 Mem_block (mem_quartus)
Info, Instances dissolved by autodissolve in View .work.rc_adder_2_8.structural_unfold_1433
 G_ALL_5_G_OTHERS_fa_others (full_adder_1)
 G_ALL_4_G_OTHERS_fa_others (full_adder_1)
 G_ALL_3_G_OTHERS_fa_others (full_adder_1)
 G_ALL_2_G_OTHERS_fa_others (full_adder_1)
 G_ALL_1_G_OTHERS_fa_others (full_adder_1)
 G_ALL_0_G_0_fa_0 (full_adder_1)
Info, Instances dissolved by autodissolve in View .work.alu_8.with_RCA_unfold_1573_0
 add (rc_adder_2_8)
Info, Instances dissolved by autodissolve in View .work.alu_mem.add_mux
 mem (mem_2port)
 alu_bs (alu_8)
 alu_ds (alu_8)
NO wire table is found
-- Optimizing netlist .work.alu_mem.add_mux
-- Matching combinational logic..
-- Matching non-combinational logic..
-- Covering..
-- CPU Time used :   00:02 Mapping
Re-checking DRC after adjustments
Re-checking DRC after adjustments
Re-checking DRC after adjustments
-- Final Design Rule Check..
-- Start timing optimization for design .work.alu_mem.add_mux
No critical paths to optimize at this level
Info: setting propagate_clock_delay to TRUE
NO wire table is found
